<?xml version="1.0" encoding="UTF-8" ?>
<testsuites name="vitest tests" tests="1715" failures="0" errors="0" time="1.748587292">
    <testsuite name="src/execution-engine/__tests__/active-workflow-triggers.test.ts" timestamp="2026-09-25T10:39:02.125Z" hostname="MacBook-Pro-von-Dennis.local" tests="64" failures="0" errors="0" skipped="0" time="0.056173375">
        <testcase classname="src/execution-engine/__tests__/active-workflow-triggers.test.ts" name="ActiveWorkflowTriggers &gt; addAllTriggers() &gt; should activate workflow &gt; with trigger function nodes" time="0.002404292">
        </testcase>
        <testcase classname="src/execution-engine/__tests__/active-workflow-triggers.test.ts" name="ActiveWorkflowTriggers &gt; addAllTriggers() &gt; should activate workflow &gt; ignores trigger function nodes that return no response and register no cron" time="0.000360459">
        </testcase>
        <testcase classname="src/execution-engine/__tests__/active-workflow-triggers.test.ts" name="ActiveWorkflowTriggers &gt; addAllTriggers() &gt; should activate workflow &gt; records trigger function nodes that return no response but register a cron" time="0.000437208">
        </testcase>
        <testcase classname="src/execution-engine/__tests__/active-workflow-triggers.test.ts" name="ActiveWorkflowTriggers &gt; addAllTriggers() &gt; should activate workflow &gt; with poll trigger nodes" time="0.001116292">
        </testcase>
        <testcase classname="src/execution-engine/__tests__/active-workflow-triggers.test.ts" name="ActiveWorkflowTriggers &gt; addAllTriggers() &gt; should activate workflow &gt; with both trigger function and poll trigger nodes" time="0.000432916">
        </testcase>
        <testcase classname="src/execution-engine/__tests__/active-workflow-triggers.test.ts" name="ActiveWorkflowTriggers &gt; addAllTriggers() &gt; should activate workflow &gt; with one node registered as both a trigger function and poll trigger" time="0.000412875">
        </testcase>
        <testcase classname="src/execution-engine/__tests__/active-workflow-triggers.test.ts" name="ActiveWorkflowTriggers &gt; addAllTriggers() &gt; should throw error &gt; if trigger activation fails" time="0.0008485">
        </testcase>
        <testcase classname="src/execution-engine/__tests__/active-workflow-triggers.test.ts" name="ActiveWorkflowTriggers &gt; addAllTriggers() &gt; should throw error &gt; if poll trigger activation fails" time="0.000312834">
        </testcase>
        <testcase classname="src/execution-engine/__tests__/active-workflow-triggers.test.ts" name="ActiveWorkflowTriggers &gt; addAllTriggers() &gt; should throw error &gt; if the polling interval is too short" time="0.000573084">
        </testcase>
        <testcase classname="src/execution-engine/__tests__/active-workflow-triggers.test.ts" name="ActiveWorkflowTriggers &gt; addAllTriggers() &gt; should throw error &gt; should not throw for a 5-field cron expression with step values in minutes field" time="0.000336458">
        </testcase>
        <testcase classname="src/execution-engine/__tests__/active-workflow-triggers.test.ts" name="ActiveWorkflowTriggers &gt; addAllTriggers() &gt; should roll back partial activation on failure &gt; closes already-registered trigger responses when a later trigger node fails" time="0.000375333">
        </testcase>
        <testcase classname="src/execution-engine/__tests__/active-workflow-triggers.test.ts" name="ActiveWorkflowTriggers &gt; addAllTriggers() &gt; should roll back partial activation on failure &gt; closes already-registered trigger responses when a poll node fails" time="0.000358584">
        </testcase>
        <testcase classname="src/execution-engine/__tests__/active-workflow-triggers.test.ts" name="ActiveWorkflowTriggers &gt; addAllTriggers() &gt; should roll back partial activation on failure &gt; continues cleanup and still surfaces the activation error when a close function throws" time="0.000533791">
        </testcase>
        <testcase classname="src/execution-engine/__tests__/active-workflow-triggers.test.ts" name="ActiveWorkflowTriggers &gt; addAllTriggers() &gt; should acquire expression isolate around scheduled polls &gt; should acquire and release the isolate when the scheduled poll fires" time="0.000411583">
        </testcase>
        <testcase classname="src/execution-engine/__tests__/active-workflow-triggers.test.ts" name="ActiveWorkflowTriggers &gt; addAllTriggers() &gt; should acquire expression isolate around scheduled polls &gt; should not acquire the isolate during the initial activation test poll" time="0.000194916">
        </testcase>
        <testcase classname="src/execution-engine/__tests__/active-workflow-triggers.test.ts" name="ActiveWorkflowTriggers &gt; addAllTriggers() &gt; should acquire expression isolate around scheduled polls &gt; should release the isolate when __emit throws after a successful poll" time="0.000409541">
        </testcase>
        <testcase classname="src/execution-engine/__tests__/active-workflow-triggers.test.ts" name="ActiveWorkflowTriggers &gt; addAllTriggers() &gt; should acquire expression isolate around scheduled polls &gt; should route a failed acquireIsolate on a scheduled poll through __emitError" time="0.000247958">
        </testcase>
        <testcase classname="src/execution-engine/__tests__/active-workflow-triggers.test.ts" name="ActiveWorkflowTriggers &gt; addAllTriggers() &gt; should acquire expression isolate around scheduled polls &gt; should release the isolate even when the scheduled poll throws" time="0.000465667">
        </testcase>
        <testcase classname="src/execution-engine/__tests__/active-workflow-triggers.test.ts" name="ActiveWorkflowTriggers &gt; addAllTriggers() &gt; should handle polling errors &gt; should throw error when poll fails during initial testing" time="0.000546166">
        </testcase>
        <testcase classname="src/execution-engine/__tests__/active-workflow-triggers.test.ts" name="ActiveWorkflowTriggers &gt; addAllTriggers() &gt; should handle polling errors &gt; should emit error when poll fails during regular polling" time="0.000511834">
        </testcase>
        <testcase classname="src/execution-engine/__tests__/active-workflow-triggers.test.ts" name="ActiveWorkflowTriggers &gt; in-flight poll during workflow activation &gt; should not emit from a poll that was already in flight when the workflow was removed" time="0.001005417">
        </testcase>
        <testcase classname="src/execution-engine/__tests__/active-workflow-triggers.test.ts" name="ActiveWorkflowTriggers &gt; in-flight poll during workflow activation &gt; should not emit an error from a poll that was already in flight when the workflow was removed" time="0.000583041">
        </testcase>
        <testcase classname="src/execution-engine/__tests__/active-workflow-triggers.test.ts" name="ActiveWorkflowTriggers &gt; in-flight poll during workflow activation &gt; should skip the poll entirely when the workflow is removed before running the poller" time="0.000308167">
        </testcase>
        <testcase classname="src/execution-engine/__tests__/active-workflow-triggers.test.ts" name="ActiveWorkflowTriggers &gt; in-flight poll during workflow activation &gt; drops a stale in-flight poll but keeps emitting from the reactivated workflow" time="0.00043075">
        </testcase>
        <testcase classname="src/execution-engine/__tests__/active-workflow-triggers.test.ts" name="ActiveWorkflowTriggers &gt; in-flight poll during workflow activation &gt; should not emit from a poll node removed while the workflow remains active" time="0.000293833">
        </testcase>
        <testcase classname="src/execution-engine/__tests__/active-workflow-triggers.test.ts" name="ActiveWorkflowTriggers &gt; in-flight poll during workflow activation &gt; should not emit an error from a poll node removed while the workflow remains active" time="0.000332875">
        </testcase>
        <testcase classname="src/execution-engine/__tests__/active-workflow-triggers.test.ts" name="ActiveWorkflowTriggers &gt; remove() &gt; should remove an active workflow" time="0.000250709">
        </testcase>
        <testcase classname="src/execution-engine/__tests__/active-workflow-triggers.test.ts" name="ActiveWorkflowTriggers &gt; remove() &gt; should return false when removing non-existent workflow" time="0.000135792">
        </testcase>
        <testcase classname="src/execution-engine/__tests__/active-workflow-triggers.test.ts" name="ActiveWorkflowTriggers &gt; remove() &gt; should not warn when removing a workflow not active in memory" time="0.000110083">
        </testcase>
        <testcase classname="src/execution-engine/__tests__/active-workflow-triggers.test.ts" name="ActiveWorkflowTriggers &gt; remove() &gt; should handle TriggerCloseError when closing trigger" time="0.000389042">
        </testcase>
        <testcase classname="src/execution-engine/__tests__/active-workflow-triggers.test.ts" name="ActiveWorkflowTriggers &gt; remove() &gt; should report success and permanently drop the trigger reference when closeFunction fails with TriggerCloseError" time="0.000871166">
        </testcase>
        <testcase classname="src/execution-engine/__tests__/active-workflow-triggers.test.ts" name="ActiveWorkflowTriggers &gt; remove() &gt; should throw WorkflowDeactivationError when closeFunction throws regular error" time="0.000422916">
        </testcase>
        <testcase classname="src/execution-engine/__tests__/active-workflow-triggers.test.ts" name="ActiveWorkflowTriggers &gt; remove() &gt; best-effort teardown &gt; attempts every close and keeps only the failed nodes tracked" time="0.000393166">
        </testcase>
        <testcase classname="src/execution-engine/__tests__/active-workflow-triggers.test.ts" name="ActiveWorkflowTriggers &gt; remove() &gt; best-effort teardown &gt; reports every failure except the last, which is thrown" time="0.001065875">
        </testcase>
        <testcase classname="src/execution-engine/__tests__/active-workflow-triggers.test.ts" name="ActiveWorkflowTriggers &gt; remove() &gt; best-effort teardown &gt; retries only the still-tracked nodes and converges once the close succeeds" time="0.000335292">
        </testcase>
        <testcase classname="src/execution-engine/__tests__/active-workflow-triggers.test.ts" name="ActiveWorkflowTriggers &gt; get() and isActive() &gt; should return workflow data for active workflow" time="0.000164542">
        </testcase>
        <testcase classname="src/execution-engine/__tests__/active-workflow-triggers.test.ts" name="ActiveWorkflowTriggers &gt; get() and isActive() &gt; should return undefined for non-active workflow" time="0.000118875">
        </testcase>
        <testcase classname="src/execution-engine/__tests__/active-workflow-triggers.test.ts" name="ActiveWorkflowTriggers &gt; getRegisteredTriggerNodeIds() &gt; unions canonical registrations with registered cron node ids" time="0.000152209">
        </testcase>
        <testcase classname="src/execution-engine/__tests__/active-workflow-triggers.test.ts" name="ActiveWorkflowTriggers &gt; getRegisteredTriggerNodeIds() &gt; returns poll node ids from canonical registration state" time="0.000211583">
        </testcase>
        <testcase classname="src/execution-engine/__tests__/active-workflow-triggers.test.ts" name="ActiveWorkflowTriggers &gt; getRegisteredTriggerNodeIds() &gt; returns only cron node ids when the workflow has no canonical registrations" time="0.000128417">
        </testcase>
        <testcase classname="src/execution-engine/__tests__/active-workflow-triggers.test.ts" name="ActiveWorkflowTriggers &gt; allActiveWorkflows() &gt; should return all active workflow IDs" time="0.000134833">
        </testcase>
        <testcase classname="src/execution-engine/__tests__/active-workflow-triggers.test.ts" name="ActiveWorkflowTriggers &gt; removeAllNonWebhookTriggerWorkflows() &gt; should remove all active workflows" time="0.00022375">
        </testcase>
        <testcase classname="src/execution-engine/__tests__/active-workflow-triggers.test.ts" name="ActiveWorkflowTriggers &gt; addTriggers() &gt; registers only the requested trigger nodes" time="0.000272041">
        </testcase>
        <testcase classname="src/execution-engine/__tests__/active-workflow-triggers.test.ts" name="ActiveWorkflowTriggers &gt; addTriggers() &gt; merges newly added triggers into an already-active workflow" time="0.000185">
        </testcase>
        <testcase classname="src/execution-engine/__tests__/active-workflow-triggers.test.ts" name="ActiveWorkflowTriggers &gt; addTriggers() &gt; shares workflow state across concurrent single-node registrations" time="0.000201167">
        </testcase>
        <testcase classname="src/execution-engine/__tests__/active-workflow-triggers.test.ts" name="ActiveWorkflowTriggers &gt; addTriggers() &gt; keeps the successful concurrent registration when another one fails" time="0.000365583">
        </testcase>
        <testcase classname="src/execution-engine/__tests__/active-workflow-triggers.test.ts" name="ActiveWorkflowTriggers &gt; removeTriggers() &gt; closes only the targeted trigger and deregisters its cron, leaving others active" time="0.000235">
        </testcase>
        <testcase classname="src/execution-engine/__tests__/active-workflow-triggers.test.ts" name="ActiveWorkflowTriggers &gt; removeTriggers() &gt; drops the workflow once its last trigger registration is removed" time="0.000120208">
        </testcase>
        <testcase classname="src/execution-engine/__tests__/active-workflow-triggers.test.ts" name="ActiveWorkflowTriggers &gt; removeTriggers() &gt; keeps workflow state during concurrent removals until the last trigger is gone" time="0.002370458">
        </testcase>
        <testcase classname="src/execution-engine/__tests__/active-workflow-triggers.test.ts" name="ActiveWorkflowTriggers &gt; removeTriggers() &gt; keeps the workflow entry until the last trigger or cron is gone" time="0.000341792">
        </testcase>
        <testcase classname="src/execution-engine/__tests__/active-workflow-triggers.test.ts" name="ActiveWorkflowTriggers &gt; removeTriggers() &gt; keeps the workflow active while a poll registration remains" time="0.000244958">
        </testcase>
        <testcase classname="src/execution-engine/__tests__/active-workflow-triggers.test.ts" name="ActiveWorkflowTriggers &gt; removeTriggers() &gt; deregisters crons for a poll node with no trigger response" time="0.000183459">
        </testcase>
        <testcase classname="src/execution-engine/__tests__/active-workflow-triggers.test.ts" name="ActiveWorkflowTriggers &gt; ScheduledTaskManager cron cleanup &gt; should stop a stranded cron on remove and report it as removed even when the workflow is not active in memory" time="0.019578875">
        </testcase>
        <testcase classname="src/execution-engine/__tests__/active-workflow-triggers.test.ts" name="ActiveWorkflowTriggers &gt; ScheduledTaskManager cron cleanup &gt; should warn when it deregisters a cron for a workflow not active in memory" time="0.001655375">
        </testcase>
        <testcase classname="src/execution-engine/__tests__/active-workflow-triggers.test.ts" name="ActiveWorkflowTriggers &gt; ScheduledTaskManager cron cleanup &gt; should deregister crons not tracked as active on removeAll" time="0.001422792">
        </testcase>
        <testcase classname="src/execution-engine/__tests__/active-workflow-triggers.test.ts" name="ActiveWorkflowTriggers &gt; ScheduledTaskManager cron cleanup &gt; should leave no registered cron when a later trigger node fails activation" time="0.001527584">
        </testcase>
        <testcase classname="src/execution-engine/__tests__/active-workflow-triggers.test.ts" name="ActiveWorkflowTriggers &gt; ScheduledTaskManager cron cleanup &gt; should leave no registered cron when a later poll node fails activation" time="0.000659084">
        </testcase>
        <testcase classname="src/execution-engine/__tests__/active-workflow-triggers.test.ts" name="ActiveWorkflowTriggers &gt; ScheduledTaskManager cron cleanup &gt; should tear down a lingering cron before re-adding so reactivation does not leave a duplicate" time="0.002601208">
        </testcase>
        <testcase classname="src/execution-engine/__tests__/active-workflow-triggers.test.ts" name="ActiveWorkflowTriggers &gt; poll triggers via the durable scheduler &gt; &apos;no durable manager bound: registers a…&apos;" time="0.001035125">
        </testcase>
        <testcase classname="src/execution-engine/__tests__/active-workflow-triggers.test.ts" name="ActiveWorkflowTriggers &gt; poll triggers via the durable scheduler &gt; &apos;manager bound and freshly inserted: p…&apos;" time="0.000438125">
        </testcase>
        <testcase classname="src/execution-engine/__tests__/active-workflow-triggers.test.ts" name="ActiveWorkflowTriggers &gt; poll triggers via the durable scheduler &gt; &apos;manager bound and a pure reconcile: p…&apos;" time="0.000347833">
        </testcase>
        <testcase classname="src/execution-engine/__tests__/active-workflow-triggers.test.ts" name="ActiveWorkflowTriggers &gt; poll triggers via the durable scheduler &gt; &apos;manager bound to the no-op implementa…&apos;" time="0.000336125">
        </testcase>
        <testcase classname="src/execution-engine/__tests__/active-workflow-triggers.test.ts" name="ActiveWorkflowTriggers &gt; poll triggers via the durable scheduler &gt; provisions nothing when the sub-minute guard fails activation" time="0.000459166">
        </testcase>
        <testcase classname="src/execution-engine/__tests__/active-workflow-triggers.test.ts" name="ActiveWorkflowTriggers &gt; poll triggers via the durable scheduler &gt; removeTriggers clears only the legacy cron for a removed poll node, without touching the durable manager" time="0.000311792">
        </testcase>
    </testsuite>
    <testsuite name="src/execution-engine/__tests__/eval-mock-fixtures.test.ts" timestamp="2026-09-25T10:39:02.129Z" hostname="MacBook-Pro-von-Dennis.local" tests="41" failures="0" errors="0" skipped="0" time="0.032666375">
        <testcase classname="src/execution-engine/__tests__/eval-mock-fixtures.test.ts" name="eval-mock-fixtures &gt; synthesizeBinaryFixture &gt; override path &gt; should return the override buffer untouched when provided" time="0.000891083">
        </testcase>
        <testcase classname="src/execution-engine/__tests__/eval-mock-fixtures.test.ts" name="eval-mock-fixtures &gt; synthesizeBinaryFixture &gt; override path &gt; should ignore sizeHint when override is provided" time="0.000102583">
        </testcase>
        <testcase classname="src/execution-engine/__tests__/eval-mock-fixtures.test.ts" name="eval-mock-fixtures &gt; synthesizeBinaryFixture &gt; per-MIME magic bytes (file-type sniffing) &gt; should produce a &apos;image/png&apos; fixture that file-type sniffs as &apos;image/png&apos;" time="0.001346625">
        </testcase>
        <testcase classname="src/execution-engine/__tests__/eval-mock-fixtures.test.ts" name="eval-mock-fixtures &gt; synthesizeBinaryFixture &gt; per-MIME magic bytes (file-type sniffing) &gt; should produce a &apos;image/jpeg&apos; fixture that file-type sniffs as &apos;image/jpeg&apos;" time="0.000128625">
        </testcase>
        <testcase classname="src/execution-engine/__tests__/eval-mock-fixtures.test.ts" name="eval-mock-fixtures &gt; synthesizeBinaryFixture &gt; per-MIME magic bytes (file-type sniffing) &gt; should produce a &apos;image/gif&apos; fixture that file-type sniffs as &apos;image/gif&apos;" time="0.000107958">
        </testcase>
        <testcase classname="src/execution-engine/__tests__/eval-mock-fixtures.test.ts" name="eval-mock-fixtures &gt; synthesizeBinaryFixture &gt; per-MIME magic bytes (file-type sniffing) &gt; should produce a &apos;image/webp&apos; fixture that file-type sniffs as &apos;image/webp&apos;" time="0.000135875">
        </testcase>
        <testcase classname="src/execution-engine/__tests__/eval-mock-fixtures.test.ts" name="eval-mock-fixtures &gt; synthesizeBinaryFixture &gt; per-MIME magic bytes (file-type sniffing) &gt; should produce a &apos;application/pdf&apos; fixture that file-type sniffs as &apos;application/pdf&apos;" time="0.000109292">
        </testcase>
        <testcase classname="src/execution-engine/__tests__/eval-mock-fixtures.test.ts" name="eval-mock-fixtures &gt; synthesizeBinaryFixture &gt; per-MIME magic bytes (file-type sniffing) &gt; should produce a &apos;application/zip&apos; fixture that file-type sniffs as &apos;application/zip&apos;" time="0.000104">
        </testcase>
        <testcase classname="src/execution-engine/__tests__/eval-mock-fixtures.test.ts" name="eval-mock-fixtures &gt; synthesizeBinaryFixture &gt; per-MIME magic bytes (file-type sniffing) &gt; should produce a &apos;application/gzip&apos; fixture that file-type sniffs as &apos;application/gzip&apos;" time="0.012561917">
        </testcase>
        <testcase classname="src/execution-engine/__tests__/eval-mock-fixtures.test.ts" name="eval-mock-fixtures &gt; synthesizeBinaryFixture &gt; per-MIME magic bytes (file-type sniffing) &gt; should produce a &apos;audio/mpeg&apos; fixture that file-type sniffs as &apos;audio/mpeg&apos;" time="0.000261417">
        </testcase>
        <testcase classname="src/execution-engine/__tests__/eval-mock-fixtures.test.ts" name="eval-mock-fixtures &gt; synthesizeBinaryFixture &gt; per-MIME magic bytes (file-type sniffing) &gt; should produce a &apos;audio/wav&apos; fixture that file-type sniffs as &apos;audio/wav&apos;" time="0.000119333">
        </testcase>
        <testcase classname="src/execution-engine/__tests__/eval-mock-fixtures.test.ts" name="eval-mock-fixtures &gt; synthesizeBinaryFixture &gt; per-MIME magic bytes (file-type sniffing) &gt; should produce a &apos;audio/ogg&apos; fixture that file-type sniffs as &apos;audio/ogg; codecs=opus&apos;" time="0.000095875">
        </testcase>
        <testcase classname="src/execution-engine/__tests__/eval-mock-fixtures.test.ts" name="eval-mock-fixtures &gt; synthesizeBinaryFixture &gt; per-MIME magic bytes (file-type sniffing) &gt; should produce a &apos;video/mp4&apos; fixture that file-type sniffs as &apos;video/mp4&apos;" time="0.000104208">
        </testcase>
        <testcase classname="src/execution-engine/__tests__/eval-mock-fixtures.test.ts" name="eval-mock-fixtures &gt; synthesizeBinaryFixture &gt; per-MIME magic bytes (file-type sniffing) &gt; should embed the filename inside SVG fixtures" time="0.000164167">
        </testcase>
        <testcase classname="src/execution-engine/__tests__/eval-mock-fixtures.test.ts" name="eval-mock-fixtures &gt; synthesizeBinaryFixture &gt; text fixtures &gt; should produce JSON plaintext with the filename embedded" time="0.000096167">
        </testcase>
        <testcase classname="src/execution-engine/__tests__/eval-mock-fixtures.test.ts" name="eval-mock-fixtures &gt; synthesizeBinaryFixture &gt; text fixtures &gt; should produce CSV plaintext seeded by the filename" time="0.000055458">
        </testcase>
        <testcase classname="src/execution-engine/__tests__/eval-mock-fixtures.test.ts" name="eval-mock-fixtures &gt; synthesizeBinaryFixture &gt; text fixtures &gt; should fall back to a generic plaintext stub for unknown text/* MIMEs" time="0.000050041">
        </testcase>
        <testcase classname="src/execution-engine/__tests__/eval-mock-fixtures.test.ts" name="eval-mock-fixtures &gt; synthesizeBinaryFixture &gt; octet-stream fallback &gt; should produce deterministic bytes for application/octet-stream" time="0.00029825">
        </testcase>
        <testcase classname="src/execution-engine/__tests__/eval-mock-fixtures.test.ts" name="eval-mock-fixtures &gt; synthesizeBinaryFixture &gt; octet-stream fallback &gt; should produce different bytes for different filenames" time="0.00010775">
        </testcase>
        <testcase classname="src/execution-engine/__tests__/eval-mock-fixtures.test.ts" name="eval-mock-fixtures &gt; synthesizeBinaryFixture &gt; octet-stream fallback &gt; should fall back to octet-stream for unknown application/* MIMEs" time="0.000063792">
        </testcase>
        <testcase classname="src/execution-engine/__tests__/eval-mock-fixtures.test.ts" name="eval-mock-fixtures &gt; synthesizeBinaryFixture &gt; determinism &gt; should produce byte-identical output for repeated calls with the same input" time="0.000044166">
        </testcase>
        <testcase classname="src/execution-engine/__tests__/eval-mock-fixtures.test.ts" name="eval-mock-fixtures &gt; synthesizeBinaryFixture &gt; determinism &gt; should ignore content-type charset suffix when picking the fixture" time="0.000053708">
        </testcase>
        <testcase classname="src/execution-engine/__tests__/eval-mock-fixtures.test.ts" name="eval-mock-fixtures &gt; synthesizeBinaryFixture &gt; determinism &gt; should treat content-type case-insensitively" time="0.000038084">
        </testcase>
        <testcase classname="src/execution-engine/__tests__/eval-mock-fixtures.test.ts" name="eval-mock-fixtures &gt; synthesizeBinaryFixture &gt; sizeHint &gt; should keep the fixture at minimum size for sizeHint=small" time="0.000040834">
        </testcase>
        <testcase classname="src/execution-engine/__tests__/eval-mock-fixtures.test.ts" name="eval-mock-fixtures &gt; synthesizeBinaryFixture &gt; sizeHint &gt; should pad PDF tails for sizeHint=medium without breaking mime-sniff" time="0.000894083">
        </testcase>
        <testcase classname="src/execution-engine/__tests__/eval-mock-fixtures.test.ts" name="eval-mock-fixtures &gt; synthesizeBinaryFixture &gt; sizeHint &gt; should pad image/png tails for sizeHint=large without breaking mime-sniff" time="0.0081055">
        </testcase>
        <testcase classname="src/execution-engine/__tests__/eval-mock-fixtures.test.ts" name="eval-mock-fixtures &gt; synthesizeBinaryFixture &gt; sizeHint &gt; should NOT pad ZIP fixtures (EOCD-from-end would break)" time="0.000067042">
        </testcase>
        <testcase classname="src/execution-engine/__tests__/eval-mock-fixtures.test.ts" name="eval-mock-fixtures &gt; synthesizeBinaryFixture &gt; sizeHint &gt; should NOT pad video/mp4 fixtures" time="0.000043583">
        </testcase>
        <testcase classname="src/execution-engine/__tests__/eval-mock-fixtures.test.ts" name="eval-mock-fixtures &gt; synthesizeBinaryFixture &gt; sizeHint &gt; should grow octet-stream fallback up to the size target" time="0.000535083">
        </testcase>
        <testcase classname="src/execution-engine/__tests__/eval-mock-fixtures.test.ts" name="eval-mock-fixtures &gt; synthesizeBinaryFixture &gt; sizeHint &gt; should pad JSON text fixtures so JSON.parse still accepts the buffer at medium size" time="0.000425667">
        </testcase>
        <testcase classname="src/execution-engine/__tests__/eval-mock-fixtures.test.ts" name="eval-mock-fixtures &gt; synthesizeBinaryFixture &gt; sizeHint &gt; should pad CSV text fixtures with whitespace (no embedded control bytes)" time="0.000803209">
        </testcase>
        <testcase classname="src/execution-engine/__tests__/eval-mock-fixtures.test.ts" name="eval-mock-fixtures &gt; synthesizeBinaryFixture &gt; sizeHint &gt; should pad XML text fixtures so a well-formed XML parser tolerates the buffer" time="0.00014775">
        </testcase>
        <testcase classname="src/execution-engine/__tests__/eval-mock-fixtures.test.ts" name="eval-mock-fixtures &gt; synthesizeBinaryFixture &gt; sizeHint &gt; should pad arbitrary text/* MIMEs (text/markdown) with whitespace" time="0.0000995">
        </testcase>
        <testcase classname="src/execution-engine/__tests__/eval-mock-fixtures.test.ts" name="eval-mock-fixtures &gt; synthesizeBinaryFixture &gt; content-type defaults &gt; should default to octet-stream when content-type is empty" time="0.000053625">
        </testcase>
        <testcase classname="src/execution-engine/__tests__/eval-mock-fixtures.test.ts" name="eval-mock-fixtures &gt; synthesizeBinaryFixture &gt; content-type defaults &gt; should treat OOXML formats as ZIP for now" time="0.000067625">
        </testcase>
        <testcase classname="src/execution-engine/__tests__/eval-mock-fixtures.test.ts" name="eval-mock-fixtures &gt; evalCanvasPng &gt; produces a sniffable 512×512 PNG with a full pixel raster" time="0.001666209">
        </testcase>
        <testcase classname="src/execution-engine/__tests__/eval-mock-fixtures.test.ts" name="eval-mock-fixtures &gt; evalCanvasPng &gt; returns the cached buffer on repeat calls" time="0.000055542">
        </testcase>
        <testcase classname="src/execution-engine/__tests__/eval-mock-fixtures.test.ts" name="eval-mock-fixtures &gt; buildPdfWithText &gt; embeds each line as an escaped text run in a %PDF...%%EOF document" time="0.000273333">
        </testcase>
        <testcase classname="src/execution-engine/__tests__/eval-mock-fixtures.test.ts" name="eval-mock-fixtures &gt; buildPdfWithText &gt; computes xref offsets that point at the object headers" time="0.000552041">
        </testcase>
        <testcase classname="src/execution-engine/__tests__/eval-mock-fixtures.test.ts" name="eval-mock-fixtures &gt; buildPdfWithText &gt; replaces non-ASCII characters and skips blank lines" time="0.000070125">
        </testcase>
        <testcase classname="src/execution-engine/__tests__/eval-mock-fixtures.test.ts" name="eval-mock-fixtures &gt; buildPdfWithText &gt; falls back to a stub line for empty text" time="0.000050083">
        </testcase>
    </testsuite>
    <testsuite name="src/execution-engine/__tests__/eval-mock-helpers.test.ts" timestamp="2026-09-25T10:39:02.131Z" hostname="MacBook-Pro-von-Dennis.local" tests="50" failures="0" errors="0" skipped="0" time="0.060440208">
        <testcase classname="src/execution-engine/__tests__/eval-mock-helpers.test.ts" name="eval-mock-helpers &gt; isSecretCredentialProperty &gt; should classify typeOptions.password as secret" time="0.000990375">
        </testcase>
        <testcase classname="src/execution-engine/__tests__/eval-mock-helpers.test.ts" name="eval-mock-helpers &gt; isSecretCredentialProperty &gt; should classify secret name patterns as secret" time="0.000272292">
        </testcase>
        <testcase classname="src/execution-engine/__tests__/eval-mock-helpers.test.ts" name="eval-mock-helpers &gt; isSecretCredentialProperty &gt; should classify boolean, number, and options types as config" time="0.000121292">
        </testcase>
        <testcase classname="src/execution-engine/__tests__/eval-mock-helpers.test.ts" name="eval-mock-helpers &gt; isSecretCredentialProperty &gt; should classify config name patterns as config" time="0.000310625">
        </testcase>
        <testcase classname="src/execution-engine/__tests__/eval-mock-helpers.test.ts" name="eval-mock-helpers &gt; isSecretCredentialProperty &gt; should fall back to secret for ambiguous string properties" time="0.00007175">
        </testcase>
        <testcase classname="src/execution-engine/__tests__/eval-mock-helpers.test.ts" name="eval-mock-helpers &gt; isSecretCredentialProperty &gt; should treat secret name patterns as secret even when type is non-string" time="0.000057459">
        </testcase>
        <testcase classname="src/execution-engine/__tests__/eval-mock-helpers.test.ts" name="eval-mock-helpers &gt; buildEvalMockCredentials &gt; should mock secret properties with descriptive placeholders" time="0.048096333">
        </testcase>
        <testcase classname="src/execution-engine/__tests__/eval-mock-helpers.test.ts" name="eval-mock-helpers &gt; buildEvalMockCredentials &gt; should preserve default values for config properties" time="0.000180208">
        </testcase>
        <testcase classname="src/execution-engine/__tests__/eval-mock-helpers.test.ts" name="eval-mock-helpers &gt; buildEvalMockCredentials &gt; should fall back to placeholder for config properties with no default" time="0.000099">
        </testcase>
        <testcase classname="src/execution-engine/__tests__/eval-mock-helpers.test.ts" name="eval-mock-helpers &gt; buildEvalMockCredentials &gt; should handle a realistic credential with mixed secret and config properties" time="0.000140667">
        </testcase>
        <testcase classname="src/execution-engine/__tests__/eval-mock-helpers.test.ts" name="eval-mock-helpers &gt; buildEvalMockCredentials &gt; should always include oauthTokenData with access_token, token_type, and refresh_token" time="0.000374334">
        </testcase>
        <testcase classname="src/execution-engine/__tests__/eval-mock-helpers.test.ts" name="eval-mock-helpers &gt; buildEvalMockCredentials &gt; should always include a privateKey containing an RSA key" time="0.000151625">
        </testcase>
        <testcase classname="src/execution-engine/__tests__/eval-mock-helpers.test.ts" name="eval-mock-helpers &gt; buildEvalMockCredentials &gt; should include a privateKey that parses and RS256-signs" time="0.002822542">
        </testcase>
        <testcase classname="src/execution-engine/__tests__/eval-mock-helpers.test.ts" name="eval-mock-helpers &gt; buildEvalMockCredentials &gt; should reuse the same generated privateKey across calls" time="0.000084416">
        </testcase>
        <testcase classname="src/execution-engine/__tests__/eval-mock-helpers.test.ts" name="eval-mock-helpers &gt; buildEvalMockCredentials &gt; should return oauthTokenData and privateKey even with empty properties array" time="0.000164125">
        </testcase>
        <testcase classname="src/execution-engine/__tests__/eval-mock-helpers.test.ts" name="eval-mock-helpers &gt; buildEvalMockCredentials &gt; should produce structurally valid JSON for properties of type &quot;json&quot;" time="0.000416042">
        </testcase>
        <testcase classname="src/execution-engine/__tests__/eval-mock-helpers.test.ts" name="eval-mock-helpers &gt; serializeMockToHttpResponse &gt; should pass through a JSON body as the parsed object" time="0.000121917">
        </testcase>
        <testcase classname="src/execution-engine/__tests__/eval-mock-helpers.test.ts" name="eval-mock-helpers &gt; serializeMockToHttpResponse &gt; should mark JSON responses as __bodyResolved" time="0.000045417">
        </testcase>
        <testcase classname="src/execution-engine/__tests__/eval-mock-helpers.test.ts" name="eval-mock-helpers &gt; serializeMockToHttpResponse &gt; should pass string bodies through as-is with __bodyResolved on the default path" time="0.000053916">
        </testcase>
        <testcase classname="src/execution-engine/__tests__/eval-mock-helpers.test.ts" name="eval-mock-helpers &gt; serializeMockToHttpResponse &gt; should match JSON content types with charset parameters" time="0.000076709">
        </testcase>
        <testcase classname="src/execution-engine/__tests__/eval-mock-helpers.test.ts" name="eval-mock-helpers &gt; serializeMockToHttpResponse &gt; should accept mixed-case Content-Type headers" time="0.000062541">
        </testcase>
        <testcase classname="src/execution-engine/__tests__/eval-mock-helpers.test.ts" name="eval-mock-helpers &gt; serializeMockToHttpResponse &gt; should pass object bodies through regardless of content-type on the default path" time="0.000051833">
        </testcase>
        <testcase classname="src/execution-engine/__tests__/eval-mock-helpers.test.ts" name="eval-mock-helpers &gt; serializeMockToHttpResponse &gt; should pass object bodies through as-is when no content-type is set" time="0.000046917">
        </testcase>
        <testcase classname="src/execution-engine/__tests__/eval-mock-helpers.test.ts" name="eval-mock-helpers &gt; serializeMockToHttpResponse &gt; should preserve headers and statusCode" time="0.000058666">
        </testcase>
        <testcase classname="src/execution-engine/__tests__/eval-mock-helpers.test.ts" name="eval-mock-helpers &gt; serializeMockToHttpResponse &gt; should pass through a Buffer body without double-encoding" time="0.000057625">
        </testcase>
        <testcase classname="src/execution-engine/__tests__/eval-mock-helpers.test.ts" name="eval-mock-helpers &gt; serializeMockToHttpResponse &gt; should pass a Buffer body through even when Content-Type is JSON" time="0.000040542">
        </testcase>
        <testcase classname="src/execution-engine/__tests__/eval-mock-helpers.test.ts" name="eval-mock-helpers &gt; serializeMockToHttpResponse &gt; with request options (axios-parity mode) &gt; should return a Readable stream when requestOptions.encoding is &quot;stream&quot;" time="0.001025708">
        </testcase>
        <testcase classname="src/execution-engine/__tests__/eval-mock-helpers.test.ts" name="eval-mock-helpers &gt; serializeMockToHttpResponse &gt; with request options (axios-parity mode) &gt; should return a Buffer when requestOptions.encoding is &quot;arraybuffer&quot;" time="0.000084417">
        </testcase>
        <testcase classname="src/execution-engine/__tests__/eval-mock-helpers.test.ts" name="eval-mock-helpers &gt; serializeMockToHttpResponse &gt; with request options (axios-parity mode) &gt; should return parsed body + __bodyResolved in the default (JSON) path" time="0.000069708">
        </testcase>
        <testcase classname="src/execution-engine/__tests__/eval-mock-helpers.test.ts" name="eval-mock-helpers &gt; serializeMockToHttpResponse &gt; with request options (axios-parity mode) &gt; should pass text responses through as strings on the default path" time="0.000046708">
        </testcase>
        <testcase classname="src/execution-engine/__tests__/eval-mock-helpers.test.ts" name="eval-mock-helpers &gt; serializeMockToHttpResponse &gt; with request options (axios-parity mode) &gt; should preserve a Buffer body on the stream path (wrap, not copy)" time="0.000145667">
        </testcase>
        <testcase classname="src/execution-engine/__tests__/eval-mock-helpers.test.ts" name="eval-mock-helpers &gt; serializeMockToHttpResponse &gt; with request options (axios-parity mode) &gt; should pass Buffer through unchanged on the arraybuffer path" time="0.000049375">
        </testcase>
        <testcase classname="src/execution-engine/__tests__/eval-mock-helpers.test.ts" name="eval-mock-helpers &gt; serializeMockToHttpResponse &gt; with request options (axios-parity mode) &gt; should return a string body + __bodyResolved when encoding is &quot;text&quot;" time="0.000055667">
        </testcase>
        <testcase classname="src/execution-engine/__tests__/eval-mock-helpers.test.ts" name="eval-mock-helpers &gt; normalizeLegacyRequest &gt; should convert string URI + options object into IHttpRequestOptions" time="0.000132958">
        </testcase>
        <testcase classname="src/execution-engine/__tests__/eval-mock-helpers.test.ts" name="eval-mock-helpers &gt; normalizeLegacyRequest &gt; should use uri field when given an IRequestOptions object with uri" time="0.00005425">
        </testcase>
        <testcase classname="src/execution-engine/__tests__/eval-mock-helpers.test.ts" name="eval-mock-helpers &gt; normalizeLegacyRequest &gt; should use url field when given an IRequestOptions object with url" time="0.000049708">
        </testcase>
        <testcase classname="src/execution-engine/__tests__/eval-mock-helpers.test.ts" name="eval-mock-helpers &gt; normalizeLegacyRequest &gt; should fall back to empty string when neither uri nor url is present" time="0.000054042">
        </testcase>
        <testcase classname="src/execution-engine/__tests__/eval-mock-helpers.test.ts" name="eval-mock-helpers &gt; normalizeLegacyRequest &gt; should preserve method, headers, body, and qs from an IRequestOptions object" time="0.000079792">
        </testcase>
        <testcase classname="src/execution-engine/__tests__/eval-mock-helpers.test.ts" name="eval-mock-helpers &gt; normalizeLegacyRequest &gt; should fold the URL-encoded `form` slot into body (object form)" time="0.0000435">
        </testcase>
        <testcase classname="src/execution-engine/__tests__/eval-mock-helpers.test.ts" name="eval-mock-helpers &gt; normalizeLegacyRequest &gt; should fold the multipart `formData` slot into body (string-uri form)" time="0.000042375">
        </testcase>
        <testcase classname="src/execution-engine/__tests__/eval-mock-helpers.test.ts" name="eval-mock-helpers &gt; normalizeLegacyRequest &gt; should prefer body over formData and form when several slots are set" time="0.000043166">
        </testcase>
        <testcase classname="src/execution-engine/__tests__/eval-mock-helpers.test.ts" name="eval-mock-helpers &gt; callEvalMockHandler &gt; should return body when handler responds and returnFullResponse is false" time="0.00035925">
        </testcase>
        <testcase classname="src/execution-engine/__tests__/eval-mock-helpers.test.ts" name="eval-mock-helpers &gt; callEvalMockHandler &gt; should return serialized response when returnFullResponse is true" time="0.000320375">
        </testcase>
        <testcase classname="src/execution-engine/__tests__/eval-mock-helpers.test.ts" name="eval-mock-helpers &gt; callEvalMockHandler &gt; should return a Buffer body when the mock already handed over one" time="0.000103041">
        </testcase>
        <testcase classname="src/execution-engine/__tests__/eval-mock-helpers.test.ts" name="eval-mock-helpers &gt; callEvalMockHandler &gt; should return undefined when handler returns undefined" time="0.000055417">
        </testcase>
        <testcase classname="src/execution-engine/__tests__/eval-mock-helpers.test.ts" name="eval-mock-helpers &gt; callEvalMockHandler &gt; should throw axios-shaped error for status &gt;= 400 with httpLibrary=axios" time="0.000429458">
        </testcase>
        <testcase classname="src/execution-engine/__tests__/eval-mock-helpers.test.ts" name="eval-mock-helpers &gt; callEvalMockHandler &gt; should throw legacy-shaped error for status &gt;= 400 with httpLibrary=legacy" time="0.000115166">
        </testcase>
        <testcase classname="src/execution-engine/__tests__/eval-mock-helpers.test.ts" name="eval-mock-helpers &gt; callEvalMockHandler &gt; should include isAxiosError=true on axios-shaped errors" time="0.000114958">
        </testcase>
        <testcase classname="src/execution-engine/__tests__/eval-mock-helpers.test.ts" name="eval-mock-helpers &gt; callEvalMockHandler &gt; should include statusCode and response.body on legacy-shaped errors" time="0.000119125">
        </testcase>
        <testcase classname="src/execution-engine/__tests__/eval-mock-helpers.test.ts" name="eval-mock-helpers &gt; callEvalMockHandler &gt; should default to axios httpLibrary when not specified" time="0.000071834">
        </testcase>
    </testsuite>
    <testsuite name="src/execution-engine/__tests__/execution-context-hook-service.test.ts" timestamp="2026-09-25T10:39:02.134Z" hostname="MacBook-Pro-von-Dennis.local" tests="22" failures="0" errors="0" skipped="0" time="0.008531959">
        <testcase classname="src/execution-engine/__tests__/execution-context-hook-service.test.ts" name="ExecutionContextHookRegistry &gt; init() &gt; should register hooks from metadata" time="0.000988458">
        </testcase>
        <testcase classname="src/execution-engine/__tests__/execution-context-hook-service.test.ts" name="ExecutionContextHookRegistry &gt; init() &gt; should register multiple hooks" time="0.000594916">
        </testcase>
        <testcase classname="src/execution-engine/__tests__/execution-context-hook-service.test.ts" name="ExecutionContextHookRegistry &gt; init() &gt; should call optional init() method on hooks" time="0.000243416">
        </testcase>
        <testcase classname="src/execution-engine/__tests__/execution-context-hook-service.test.ts" name="ExecutionContextHookRegistry &gt; init() &gt; should not fail if hook does not have init() method" time="0.000538834">
        </testcase>
        <testcase classname="src/execution-engine/__tests__/execution-context-hook-service.test.ts" name="ExecutionContextHookRegistry &gt; init() &gt; should skip hook registration if init() throws an error" time="0.001387417">
        </testcase>
        <testcase classname="src/execution-engine/__tests__/execution-context-hook-service.test.ts" name="ExecutionContextHookRegistry &gt; init() &gt; should clear previous hooks when re-initialized" time="0.000276167">
        </testcase>
        <testcase classname="src/execution-engine/__tests__/execution-context-hook-service.test.ts" name="ExecutionContextHookRegistry &gt; init() &gt; should handle duplicate hook names by keeping first registered and warning" time="0.000303584">
        </testcase>
        <testcase classname="src/execution-engine/__tests__/execution-context-hook-service.test.ts" name="ExecutionContextHookRegistry &gt; getHookByName() &gt; should return hook by name" time="0.000131917">
        </testcase>
        <testcase classname="src/execution-engine/__tests__/execution-context-hook-service.test.ts" name="ExecutionContextHookRegistry &gt; getHookByName() &gt; should return undefined for non-existent hook" time="0.000096625">
        </testcase>
        <testcase classname="src/execution-engine/__tests__/execution-context-hook-service.test.ts" name="ExecutionContextHookRegistry &gt; getHookByName() &gt; should return undefined before initialization" time="0.000093417">
        </testcase>
        <testcase classname="src/execution-engine/__tests__/execution-context-hook-service.test.ts" name="ExecutionContextHookRegistry &gt; getAllHooks() &gt; should return empty array when no hooks registered" time="0.000147125">
        </testcase>
        <testcase classname="src/execution-engine/__tests__/execution-context-hook-service.test.ts" name="ExecutionContextHookRegistry &gt; getAllHooks() &gt; should return all registered hooks" time="0.000216791">
        </testcase>
        <testcase classname="src/execution-engine/__tests__/execution-context-hook-service.test.ts" name="ExecutionContextHookRegistry &gt; getHookForTriggerType() &gt; should return hooks applicable to trigger type" time="0.0001975">
        </testcase>
        <testcase classname="src/execution-engine/__tests__/execution-context-hook-service.test.ts" name="ExecutionContextHookRegistry &gt; getHookForTriggerType() &gt; should return different hooks for different trigger types" time="0.000139334">
        </testcase>
        <testcase classname="src/execution-engine/__tests__/execution-context-hook-service.test.ts" name="ExecutionContextHookRegistry &gt; getHookForTriggerType() &gt; should return only universal hooks for unknown trigger type" time="0.00009475">
        </testcase>
        <testcase classname="src/execution-engine/__tests__/execution-context-hook-service.test.ts" name="ExecutionContextHookRegistry &gt; getHookForTriggerType() &gt; should return empty array when no hooks match trigger type" time="0.000106084">
        </testcase>
        <testcase classname="src/execution-engine/__tests__/execution-context-hook-service.test.ts" name="ExecutionContextHookRegistry &gt; global hooks &gt; exposes hooks decorated with alwaysExecute: true via getGlobalHooks()" time="0.000127625">
        </testcase>
        <testcase classname="src/execution-engine/__tests__/execution-context-hook-service.test.ts" name="ExecutionContextHookRegistry &gt; global hooks &gt; does not expose non-global hooks via getGlobalHooks(), but they remain retrievable by name" time="0.000089708">
        </testcase>
        <testcase classname="src/execution-engine/__tests__/execution-context-hook-service.test.ts" name="ExecutionContextHookRegistry &gt; global hooks &gt; returns an empty array when no hooks are registered at all" time="0.00007">
        </testcase>
        <testcase classname="src/execution-engine/__tests__/execution-context-hook-service.test.ts" name="ExecutionContextHookRegistry &gt; sub-execution hooks &gt; exposes hooks decorated with runForSubExecution: true via getSubExecutionHooks()" time="0.000119541">
        </testcase>
        <testcase classname="src/execution-engine/__tests__/execution-context-hook-service.test.ts" name="ExecutionContextHookRegistry &gt; sub-execution hooks &gt; does not expose a global hook that did not opt into sub-execution" time="0.000096208">
        </testcase>
        <testcase classname="src/execution-engine/__tests__/execution-context-hook-service.test.ts" name="ExecutionContextHookRegistry &gt; sub-execution hooks &gt; returns an empty array when no hooks are registered at all" time="0.000058666">
        </testcase>
    </testsuite>
    <testsuite name="src/execution-engine/__tests__/execution-context.service.test.ts" timestamp="2026-09-25T10:39:02.135Z" hostname="MacBook-Pro-von-Dennis.local" tests="49" failures="0" errors="0" skipped="0" time="0.023386542">
        <testcase classname="src/execution-engine/__tests__/execution-context.service.test.ts" name="ExecutionContextService &gt; decryptExecutionContext() &gt; should return context as-is when no credentials present" time="0.001665917">
        </testcase>
        <testcase classname="src/execution-engine/__tests__/execution-context.service.test.ts" name="ExecutionContextService &gt; decryptExecutionContext() &gt; should decrypt credentials when present" time="0.000706584">
        </testcase>
        <testcase classname="src/execution-engine/__tests__/execution-context.service.test.ts" name="ExecutionContextService &gt; decryptExecutionContext() &gt; should leave secureArtifacts undefined when not present" time="0.000219959">
        </testcase>
        <testcase classname="src/execution-engine/__tests__/execution-context.service.test.ts" name="ExecutionContextService &gt; decryptExecutionContext() &gt; should decrypt secureArtifacts when present" time="0.000275625">
        </testcase>
        <testcase classname="src/execution-engine/__tests__/execution-context.service.test.ts" name="ExecutionContextService &gt; decryptExecutionContext() &gt; should decrypt both credentials and secureArtifacts when both present" time="0.0003005">
        </testcase>
        <testcase classname="src/execution-engine/__tests__/execution-context.service.test.ts" name="ExecutionContextService &gt; encryptExecutionContext() &gt; should return context as-is when no credentials present" time="0.0001935">
        </testcase>
        <testcase classname="src/execution-engine/__tests__/execution-context.service.test.ts" name="ExecutionContextService &gt; encryptExecutionContext() &gt; should encrypt credentials when present" time="0.000330458">
        </testcase>
        <testcase classname="src/execution-engine/__tests__/execution-context.service.test.ts" name="ExecutionContextService &gt; encryptExecutionContext() &gt; should leave secureArtifacts undefined when not present" time="0.00017325">
        </testcase>
        <testcase classname="src/execution-engine/__tests__/execution-context.service.test.ts" name="ExecutionContextService &gt; encryptExecutionContext() &gt; should encrypt secureArtifacts when present" time="0.000568708">
        </testcase>
        <testcase classname="src/execution-engine/__tests__/execution-context.service.test.ts" name="ExecutionContextService &gt; encryptExecutionContext() &gt; should encrypt both credentials and secureArtifacts when both present" time="0.000301125">
        </testcase>
        <testcase classname="src/execution-engine/__tests__/execution-context.service.test.ts" name="ExecutionContextService &gt; buildManualExecutionCredentials() &gt; should encrypt the credential context with the cookie as identity" time="0.00031825">
        </testcase>
        <testcase classname="src/execution-engine/__tests__/execution-context.service.test.ts" name="ExecutionContextService &gt; buildManualExecutionCredentials() &gt; should propagate errors raised by the cipher" time="0.000812417">
        </testcase>
        <testcase classname="src/execution-engine/__tests__/execution-context.service.test.ts" name="ExecutionContextService &gt; buildRequestBoundCredentials() &gt; should encrypt the credential context with the request context in metadata" time="0.000251292">
        </testcase>
        <testcase classname="src/execution-engine/__tests__/execution-context.service.test.ts" name="ExecutionContextService &gt; buildRequestBoundCredentials() &gt; should omit an absent browser id" time="0.000786833">
        </testcase>
        <testcase classname="src/execution-engine/__tests__/execution-context.service.test.ts" name="ExecutionContextService &gt; buildTriggerIdentityCredentials() &gt; keeps the token as identity and seals the subject + establishedAt in metadata" time="0.000263709">
        </testcase>
        <testcase classname="src/execution-engine/__tests__/execution-context.service.test.ts" name="ExecutionContextService &gt; buildTriggerIdentityCredentials() &gt; should seal the resource grant so the run can verify itself after the trigger is gone" time="0.000165083">
        </testcase>
        <testcase classname="src/execution-engine/__tests__/execution-context.service.test.ts" name="ExecutionContextService &gt; buildTriggerIdentityCredentials() &gt; omits the subject and grant when neither is provided (legacy token-only carrier)" time="0.000174708">
        </testcase>
        <testcase classname="src/execution-engine/__tests__/execution-context.service.test.ts" name="ExecutionContextService &gt; buildTriggerIdentityCredentials() &gt; should propagate errors raised by the cipher" time="0.0002185">
        </testcase>
        <testcase classname="src/execution-engine/__tests__/execution-context.service.test.ts" name="ExecutionContextService &gt; maybeBindExecutionId() &gt; stamps the current execution id onto a freshly sealed carrier" time="0.0007935">
        </testcase>
        <testcase classname="src/execution-engine/__tests__/execution-context.service.test.ts" name="ExecutionContextService &gt; maybeBindExecutionId() &gt; appends a child execution id, preserving the inherited path" time="0.000275166">
        </testcase>
        <testcase classname="src/execution-engine/__tests__/execution-context.service.test.ts" name="ExecutionContextService &gt; maybeBindExecutionId() &gt; leaves a populated path untouched for an unrelated execution" time="0.000192791">
        </testcase>
        <testcase classname="src/execution-engine/__tests__/execution-context.service.test.ts" name="ExecutionContextService &gt; maybeBindExecutionId() &gt; is idempotent when the execution id is already in the path (retry/resume)" time="0.000177958">
        </testcase>
        <testcase classname="src/execution-engine/__tests__/execution-context.service.test.ts" name="ExecutionContextService &gt; maybeBindExecutionId() &gt; is a no-op for a non-sealed carrier (no subject)" time="0.000170375">
        </testcase>
        <testcase classname="src/execution-engine/__tests__/execution-context.service.test.ts" name="ExecutionContextService &gt; maybeBindExecutionId() &gt; is a no-op when no execution id is provided" time="0.0001595">
        </testcase>
        <testcase classname="src/execution-engine/__tests__/execution-context.service.test.ts" name="ExecutionContextService &gt; maybeBindExecutionId() &gt; is a no-op for a non-n8n-oauth carrier (schema mismatch)" time="0.000407375">
        </testcase>
        <testcase classname="src/execution-engine/__tests__/execution-context.service.test.ts" name="ExecutionContextService &gt; maybeBindExecutionId() &gt; is a no-op for a carrier without metadata" time="0.000189458">
        </testcase>
        <testcase classname="src/execution-engine/__tests__/execution-context.service.test.ts" name="ExecutionContextService &gt; maybeBindExecutionId() &gt; is a no-op for a context without credentials" time="0.000175291">
        </testcase>
        <testcase classname="src/execution-engine/__tests__/execution-context.service.test.ts" name="ExecutionContextService &gt; encrypt → decrypt round-trip &gt; should preserve secureArtifacts through a full round-trip" time="0.002380167">
        </testcase>
        <testcase classname="src/execution-engine/__tests__/execution-context.service.test.ts" name="ExecutionContextService &gt; mergeExecutionContexts() &gt; should merge simple properties from contextToMerge into baseContext" time="0.000426625">
        </testcase>
        <testcase classname="src/execution-engine/__tests__/execution-context.service.test.ts" name="ExecutionContextService &gt; mergeExecutionContexts() &gt; should merge credentials deeply" time="0.000220584">
        </testcase>
        <testcase classname="src/execution-engine/__tests__/execution-context.service.test.ts" name="ExecutionContextService &gt; mergeExecutionContexts() &gt; should preserve baseContext properties not in contextToMerge" time="0.00019675">
        </testcase>
        <testcase classname="src/execution-engine/__tests__/execution-context.service.test.ts" name="ExecutionContextService &gt; mergeExecutionContexts() &gt; should handle empty contextToMerge" time="0.000185042">
        </testcase>
        <testcase classname="src/execution-engine/__tests__/execution-context.service.test.ts" name="ExecutionContextService &gt; augmentSubExecutionContext() &gt; returns the inherited context untouched (no round-trip) when no sub-execution hooks exist" time="0.000257167">
        </testcase>
        <testcase classname="src/execution-engine/__tests__/execution-context.service.test.ts" name="ExecutionContextService &gt; augmentSubExecutionContext() &gt; runs sub-execution hooks with no trigger items, merges contextUpdate, and ignores returned items" time="0.000639">
        </testcase>
        <testcase classname="src/execution-engine/__tests__/execution-context.service.test.ts" name="ExecutionContextService &gt; augmentExecutionContextWithHooks() &gt; should return original context when no hooks configured" time="0.000417791">
        </testcase>
        <testcase classname="src/execution-engine/__tests__/execution-context.service.test.ts" name="ExecutionContextService &gt; augmentExecutionContextWithHooks() &gt; should handle node with contextEstablishmentHooks but undefined hooks array" time="0.001640792">
        </testcase>
        <testcase classname="src/execution-engine/__tests__/execution-context.service.test.ts" name="ExecutionContextService &gt; augmentExecutionContextWithHooks() &gt; should execute hooks sequentially and merge context updates" time="0.000825291">
        </testcase>
        <testcase classname="src/execution-engine/__tests__/execution-context.service.test.ts" name="ExecutionContextService &gt; augmentExecutionContextWithHooks() &gt; should update trigger items when hook modifies them" time="0.000342958">
        </testcase>
        <testcase classname="src/execution-engine/__tests__/execution-context.service.test.ts" name="ExecutionContextService &gt; augmentExecutionContextWithHooks() &gt; should pass modified trigger items to subsequent hooks" time="0.000347292">
        </testcase>
        <testcase classname="src/execution-engine/__tests__/execution-context.service.test.ts" name="ExecutionContextService &gt; augmentExecutionContextWithHooks() &gt; should skip hooks not found in registry and log warning" time="0.00028375">
        </testcase>
        <testcase classname="src/execution-engine/__tests__/execution-context.service.test.ts" name="ExecutionContextService &gt; augmentExecutionContextWithHooks() &gt; should handle hook errors when isAllowedToFail is true" time="0.00042825">
        </testcase>
        <testcase classname="src/execution-engine/__tests__/execution-context.service.test.ts" name="ExecutionContextService &gt; augmentExecutionContextWithHooks() &gt; should throw hook errors when isAllowedToFail is false" time="0.000413458">
        </testcase>
        <testcase classname="src/execution-engine/__tests__/execution-context.service.test.ts" name="ExecutionContextService &gt; augmentExecutionContextWithHooks() &gt; should decrypt context before hooks and encrypt after" time="0.000381833">
        </testcase>
        <testcase classname="src/execution-engine/__tests__/execution-context.service.test.ts" name="ExecutionContextService &gt; augmentExecutionContextWithHooks() &gt; global hooks &gt; runs global hooks even when no per-node hook parameters are configured" time="0.000405375">
        </testcase>
        <testcase classname="src/execution-engine/__tests__/execution-context.service.test.ts" name="ExecutionContextService &gt; augmentExecutionContextWithHooks() &gt; global hooks &gt; propagates global hook triggerItems mutation to the returned result" time="0.000298416">
        </testcase>
        <testcase classname="src/execution-engine/__tests__/execution-context.service.test.ts" name="ExecutionContextService &gt; augmentExecutionContextWithHooks() &gt; global hooks &gt; merges global hook contextUpdate into the returned context" time="0.000296209">
        </testcase>
        <testcase classname="src/execution-engine/__tests__/execution-context.service.test.ts" name="ExecutionContextService &gt; augmentExecutionContextWithHooks() &gt; global hooks &gt; chains multiple global hooks: second hook receives first hook output" time="0.000340916">
        </testcase>
        <testcase classname="src/execution-engine/__tests__/execution-context.service.test.ts" name="ExecutionContextService &gt; augmentExecutionContextWithHooks() &gt; global hooks &gt; leaves trigger items unchanged when no globals and no per-node hooks are registered" time="0.0002895">
        </testcase>
        <testcase classname="src/execution-engine/__tests__/execution-context.service.test.ts" name="ExecutionContextService &gt; augmentExecutionContextWithHooks() &gt; global hooks &gt; propagates global hook exceptions without swallowing" time="0.000372584">
        </testcase>
    </testsuite>
    <testsuite name="src/execution-engine/__tests__/execution-context.test.ts" timestamp="2026-09-25T10:39:02.138Z" hostname="MacBook-Pro-von-Dennis.local" tests="39" failures="0" errors="0" skipped="0" time="0.023937292">
        <testcase classname="src/execution-engine/__tests__/execution-context.test.ts" name="establishExecutionContext &gt; successful context establishment &gt; should establish context with version 1 and timestamp" time="0.006815708">
        </testcase>
        <testcase classname="src/execution-engine/__tests__/execution-context.test.ts" name="establishExecutionContext &gt; successful context establishment &gt; should mutate the provided runExecutionData object" time="0.000269375">
        </testcase>
        <testcase classname="src/execution-engine/__tests__/execution-context.test.ts" name="establishExecutionContext &gt; successful context establishment &gt; should establish context when execution stack has multiple nodes" time="0.00017925">
        </testcase>
        <testcase classname="src/execution-engine/__tests__/execution-context.test.ts" name="establishExecutionContext &gt; Chat Trigger workflow support &gt; should establish basic context for empty execution stack (Chat Trigger)" time="0.000145625">
        </testcase>
        <testcase classname="src/execution-engine/__tests__/execution-context.test.ts" name="establishExecutionContext &gt; Chat Trigger workflow support &gt; should establish basic context without start node extraction for Chat Trigger" time="0.000281">
        </testcase>
        <testcase classname="src/execution-engine/__tests__/execution-context.test.ts" name="establishExecutionContext &gt; error handling &gt; should throw error when executionData is missing" time="0.000525708">
        </testcase>
        <testcase classname="src/execution-engine/__tests__/execution-context.test.ts" name="establishExecutionContext &gt; error handling &gt; should throw error when executionData is undefined" time="0.000147042">
        </testcase>
        <testcase classname="src/execution-engine/__tests__/execution-context.test.ts" name="establishExecutionContext &gt; context structure validation &gt; should create context with correct structure" time="0.000225708">
        </testcase>
        <testcase classname="src/execution-engine/__tests__/execution-context.test.ts" name="establishExecutionContext &gt; context structure validation &gt; should create unique timestamps for different executions" time="0.00630775">
        </testcase>
        <testcase classname="src/execution-engine/__tests__/execution-context.test.ts" name="establishExecutionContext &gt; context structure validation &gt; should work with different execution modes" time="0.000405083">
        </testcase>
        <testcase classname="src/execution-engine/__tests__/execution-context.test.ts" name="establishExecutionContext &gt; webhook resume context preservation &gt; should preserve existing context when runtimeData already exists" time="0.000208458">
        </testcase>
        <testcase classname="src/execution-engine/__tests__/execution-context.test.ts" name="establishExecutionContext &gt; webhook resume context preservation &gt; should not modify existing context even when mode differs" time="0.000089667">
        </testcase>
        <testcase classname="src/execution-engine/__tests__/execution-context.test.ts" name="establishExecutionContext &gt; webhook resume context preservation &gt; should preserve context with parentExecutionId field" time="0.000091459">
        </testcase>
        <testcase classname="src/execution-engine/__tests__/execution-context.test.ts" name="establishExecutionContext &gt; webhook resume context preservation &gt; should skip hook augmentation when runtimeData is already set (queue-mode worker resume)" time="0.000099334">
        </testcase>
        <testcase classname="src/execution-engine/__tests__/execution-context.test.ts" name="establishExecutionContext &gt; sub-workflow context inheritance &gt; should inherit parent context with fresh establishedAt and source" time="0.000303334">
        </testcase>
        <testcase classname="src/execution-engine/__tests__/execution-context.test.ts" name="establishExecutionContext &gt; sub-workflow context inheritance &gt; should handle missing parent context gracefully" time="0.00010325">
        </testcase>
        <testcase classname="src/execution-engine/__tests__/execution-context.test.ts" name="establishExecutionContext &gt; sub-workflow context inheritance &gt; should inherit custom fields from parent context" time="0.000073917">
        </testcase>
        <testcase classname="src/execution-engine/__tests__/execution-context.test.ts" name="establishExecutionContext &gt; sub-workflow context inheritance &gt; should work with nested sub-workflows (grandchild)" time="0.000099">
        </testcase>
        <testcase classname="src/execution-engine/__tests__/execution-context.test.ts" name="establishExecutionContext &gt; sub-workflow re-runs global context hooks against the inherited context &gt; passes the inherited context to augmentSubExecutionContext and assigns its result" time="0.000983541">
        </testcase>
        <testcase classname="src/execution-engine/__tests__/execution-context.test.ts" name="establishExecutionContext &gt; sub-workflow re-runs global context hooks against the inherited context &gt; skips augmentation when the child sub-execution has no start item" time="0.000173542">
        </testcase>
        <testcase classname="src/execution-engine/__tests__/execution-context.test.ts" name="establishExecutionContext &gt; sub-workflow re-runs global context hooks against the inherited context &gt; re-runs sub-execution hooks for inheritance via start-item metadata (error workflow)" time="0.000214292">
        </testcase>
        <testcase classname="src/execution-engine/__tests__/execution-context.test.ts" name="establishExecutionContext &gt; error workflow context inheritance &gt; should inherit context from start item metadata" time="0.001215791">
        </testcase>
        <testcase classname="src/execution-engine/__tests__/execution-context.test.ts" name="establishExecutionContext &gt; error workflow context inheritance &gt; should handle error workflow without parent context" time="0.000159791">
        </testcase>
        <testcase classname="src/execution-engine/__tests__/execution-context.test.ts" name="establishExecutionContext &gt; error workflow context inheritance &gt; should inherit context when sub-workflow fails" time="0.000103209">
        </testcase>
        <testcase classname="src/execution-engine/__tests__/execution-context.test.ts" name="establishExecutionContext &gt; context propagation priority and edge cases &gt; should prefer runExecutionData.parentExecution over startItem.metadata" time="0.000081167">
        </testcase>
        <testcase classname="src/execution-engine/__tests__/execution-context.test.ts" name="establishExecutionContext &gt; context propagation priority and edge cases &gt; should handle empty parent execution object" time="0.000067917">
        </testcase>
        <testcase classname="src/execution-engine/__tests__/execution-context.test.ts" name="establishExecutionContext &gt; context propagation priority and edge cases &gt; should not override existing runtimeData even with parent execution" time="0.000077792">
        </testcase>
        <testcase classname="src/execution-engine/__tests__/execution-context.test.ts" name="establishExecutionContext &gt; redaction policy on resume &gt; should preserve an existing V1 redaction setting on webhook resume" time="0.000081792">
        </testcase>
        <testcase classname="src/execution-engine/__tests__/execution-context.test.ts" name="establishExecutionContext &gt; redaction policy on resume &gt; should preserve an existing V2 redaction setting on webhook resume" time="0.000062375">
        </testcase>
        <testcase classname="src/execution-engine/__tests__/execution-context.test.ts" name="establishExecutionContext &gt; manual execution credential context &gt; should assign the pre-built encryptedRunnerIdentity to credentials for manual runs" time="0.00020975">
        </testcase>
        <testcase classname="src/execution-engine/__tests__/execution-context.test.ts" name="establishExecutionContext &gt; manual execution credential context &gt; should NOT inject credentials when encryptedRunnerIdentity is missing" time="0.000116666">
        </testcase>
        <testcase classname="src/execution-engine/__tests__/execution-context.test.ts" name="establishExecutionContext &gt; manual execution credential context &gt; should NOT inject credentials when additionalData is undefined" time="0.000102541">
        </testcase>
        <testcase classname="src/execution-engine/__tests__/execution-context.test.ts" name="establishExecutionContext &gt; manual execution credential context &gt; should inject credentials for webhook mode when ciphertext is present" time="0.000120625">
        </testcase>
        <testcase classname="src/execution-engine/__tests__/execution-context.test.ts" name="establishExecutionContext &gt; manual execution credential context &gt; should inject credentials for trigger mode when ciphertext is present" time="0.000104">
        </testcase>
        <testcase classname="src/execution-engine/__tests__/execution-context.test.ts" name="establishExecutionContext &gt; manual execution credential context &gt; should not overwrite existing runtimeData when it is already established" time="0.000132958">
        </testcase>
        <testcase classname="src/execution-engine/__tests__/execution-context.test.ts" name="establishExecutionContext &gt; execution id binding (real service) &gt; binds the real execution id onto a seal established before it existed" time="0.001162125">
        </testcase>
        <testcase classname="src/execution-engine/__tests__/execution-context.test.ts" name="establishExecutionContext &gt; execution id binding (real service) &gt; does not extend a populated path when the carrier belongs to another execution" time="0.000219667">
        </testcase>
        <testcase classname="src/execution-engine/__tests__/execution-context.test.ts" name="establishExecutionContext &gt; execution id binding (real service) &gt; appends the retry execution id, keeping the carrier resolvable on retry" time="0.00014275">
        </testcase>
        <testcase classname="src/execution-engine/__tests__/execution-context.test.ts" name="establishExecutionContext &gt; execution id binding (real service) &gt; leaves a legacy (subject-less) carrier untouched" time="0.000115625">
        </testcase>
    </testsuite>
    <testsuite name="src/execution-engine/__tests__/execution-lifecycle-hooks.test.ts" timestamp="2026-09-25T10:39:02.140Z" hostname="MacBook-Pro-von-Dennis.local" tests="11" failures="0" errors="0" skipped="0" time="0.005875875">
        <testcase classname="src/execution-engine/__tests__/execution-lifecycle-hooks.test.ts" name="ExecutionLifecycleHooks &gt; constructor() &gt; should initialize with correct properties" time="0.001428334">
        </testcase>
        <testcase classname="src/execution-engine/__tests__/execution-lifecycle-hooks.test.ts" name="ExecutionLifecycleHooks &gt; addHandler() &gt; should add handlers to &apos;nodeExecuteBefore&apos; hook and call them" time="0.000922">
        </testcase>
        <testcase classname="src/execution-engine/__tests__/execution-lifecycle-hooks.test.ts" name="ExecutionLifecycleHooks &gt; addHandler() &gt; should add handlers to &apos;nodeExecuteAfter&apos; hook and call them" time="0.000204917">
        </testcase>
        <testcase classname="src/execution-engine/__tests__/execution-lifecycle-hooks.test.ts" name="ExecutionLifecycleHooks &gt; addHandler() &gt; should add handlers to &apos;workflowExecuteBefore&apos; hook and call them" time="0.000173833">
        </testcase>
        <testcase classname="src/execution-engine/__tests__/execution-lifecycle-hooks.test.ts" name="ExecutionLifecycleHooks &gt; addHandler() &gt; should add handlers to &apos;workflowExecuteAfter&apos; hook and call them" time="0.000172708">
        </testcase>
        <testcase classname="src/execution-engine/__tests__/execution-lifecycle-hooks.test.ts" name="ExecutionLifecycleHooks &gt; addHandler() &gt; should add handlers to &apos;workflowExecuteResume&apos; hook and call them" time="0.000170041">
        </testcase>
        <testcase classname="src/execution-engine/__tests__/execution-lifecycle-hooks.test.ts" name="ExecutionLifecycleHooks &gt; addHandler() &gt; should add handlers to &apos;sendResponse&apos; hook and call them" time="0.000120458">
        </testcase>
        <testcase classname="src/execution-engine/__tests__/execution-lifecycle-hooks.test.ts" name="ExecutionLifecycleHooks &gt; addHandler() &gt; should add handlers to &apos;nodeFetchedData&apos; hook and call them" time="0.000109125">
        </testcase>
        <testcase classname="src/execution-engine/__tests__/execution-lifecycle-hooks.test.ts" name="ExecutionLifecycleHooks &gt; runHook() &gt; should execute multiple hooks in order" time="0.000225583">
        </testcase>
        <testcase classname="src/execution-engine/__tests__/execution-lifecycle-hooks.test.ts" name="ExecutionLifecycleHooks &gt; runHook() &gt; should maintain correct &quot;this&quot; context" time="0.000154459">
        </testcase>
        <testcase classname="src/execution-engine/__tests__/execution-lifecycle-hooks.test.ts" name="ExecutionLifecycleHooks &gt; runHook() &gt; should handle errors in hooks" time="0.000732416">
        </testcase>
    </testsuite>
    <testsuite name="src/execution-engine/__tests__/external-secrets-proxy.test.ts" timestamp="2026-09-25T10:39:02.141Z" hostname="MacBook-Pro-von-Dennis.local" tests="10" failures="0" errors="0" skipped="0" time="0.004682709">
        <testcase classname="src/execution-engine/__tests__/external-secrets-proxy.test.ts" name="ExternalSecretsProxy &gt; getSecret &gt; should get secret from manager" time="0.001902459">
        </testcase>
        <testcase classname="src/execution-engine/__tests__/external-secrets-proxy.test.ts" name="ExternalSecretsProxy &gt; getSecret &gt; should return undefined when getting secret without a manager" time="0.000169167">
        </testcase>
        <testcase classname="src/execution-engine/__tests__/external-secrets-proxy.test.ts" name="ExternalSecretsProxy &gt; hasSecret &gt; should check if secret exists" time="0.0001855">
        </testcase>
        <testcase classname="src/execution-engine/__tests__/external-secrets-proxy.test.ts" name="ExternalSecretsProxy &gt; hasSecret &gt; should return false when checking secret without a manager" time="0.0000985">
        </testcase>
        <testcase classname="src/execution-engine/__tests__/external-secrets-proxy.test.ts" name="ExternalSecretsProxy &gt; hasProvider &gt; should check if provider exists" time="0.000146166">
        </testcase>
        <testcase classname="src/execution-engine/__tests__/external-secrets-proxy.test.ts" name="ExternalSecretsProxy &gt; hasProvider &gt; should return false when checking provider without a manager" time="0.000092">
        </testcase>
        <testcase classname="src/execution-engine/__tests__/external-secrets-proxy.test.ts" name="ExternalSecretsProxy &gt; listProviders &gt; should list providers" time="0.000245708">
        </testcase>
        <testcase classname="src/execution-engine/__tests__/external-secrets-proxy.test.ts" name="ExternalSecretsProxy &gt; listProviders &gt; should return empty array when listing providers without a manager" time="0.000154084">
        </testcase>
        <testcase classname="src/execution-engine/__tests__/external-secrets-proxy.test.ts" name="ExternalSecretsProxy &gt; listSecrets &gt; should list secrets for a provider" time="0.000155375">
        </testcase>
        <testcase classname="src/execution-engine/__tests__/external-secrets-proxy.test.ts" name="ExternalSecretsProxy &gt; listSecrets &gt; should return empty array when listing secrets without a manager" time="0.000097708">
        </testcase>
    </testsuite>
    <testsuite name="src/execution-engine/__tests__/poll-trigger-executor.test.ts" timestamp="2026-09-25T10:39:02.142Z" hostname="MacBook-Pro-von-Dennis.local" tests="22" failures="0" errors="0" skipped="0" time="0.009204167">
        <testcase classname="src/execution-engine/__tests__/poll-trigger-executor.test.ts" name="PollTriggerExecutor &gt; uses a logger scoped to &quot;poll-trigger&quot;" time="0.001620125">
        </testcase>
        <testcase classname="src/execution-engine/__tests__/poll-trigger-executor.test.ts" name="PollTriggerExecutor &gt; tracing &gt; starts its own root trace for a scheduled poll" time="0.000895792">
        </testcase>
        <testcase classname="src/execution-engine/__tests__/poll-trigger-executor.test.ts" name="PollTriggerExecutor &gt; tracing &gt; nests the activation poll in the current trace" time="0.000275666">
        </testcase>
        <testcase classname="src/execution-engine/__tests__/poll-trigger-executor.test.ts" name="PollTriggerExecutor &gt; initial activation poll (testingTrigger=true) &gt; emits the poll result without acquiring the isolate" time="0.000517583">
        </testcase>
        <testcase classname="src/execution-engine/__tests__/poll-trigger-executor.test.ts" name="PollTriggerExecutor &gt; initial activation poll (testingTrigger=true) &gt; does not emit when the poll returns null" time="0.000149625">
        </testcase>
        <testcase classname="src/execution-engine/__tests__/poll-trigger-executor.test.ts" name="PollTriggerExecutor &gt; initial activation poll (testingTrigger=true) &gt; rethrows the poll error so activation fails" time="0.000523209">
        </testcase>
[...]
        <testcase classname="src/execution-engine/node-execution-context/utils/request-helpers/__tests__/oauth.test.ts" name="refreshOAuth2Token &gt; should refresh the OAuth2 token with pkce grant type" time="0.022999958">
        </testcase>
        <testcase classname="src/execution-engine/node-execution-context/utils/request-helpers/__tests__/oauth.test.ts" name="refreshOAuth2Token &gt; should store an absolute expiry when refreshed token has expires_in" time="0.004822291">
        </testcase>
        <testcase classname="src/execution-engine/node-execution-context/utils/request-helpers/__tests__/oauth.test.ts" name="refreshOAuth2Token &gt; outbound network policy &gt; should apply the bridge from additionalData to the token request" time="0.001169667">
        </testcase>
        <testcase classname="src/execution-engine/node-execution-context/utils/request-helpers/__tests__/oauth.test.ts" name="refreshOAuth2Token &gt; outbound network policy &gt; should refresh normally when additionalData carries no bridge" time="0.003557875">
        </testcase>
        <testcase classname="src/execution-engine/node-execution-context/utils/request-helpers/__tests__/oauth.test.ts" name="refreshOAuth2Token &gt; should refresh the OAuth2 token with client credentials grant type" time="0.004705208">
        </testcase>
        <testcase classname="src/execution-engine/node-execution-context/utils/request-helpers/__tests__/oauth.test.ts" name="refreshOAuth2Token &gt; should include resource when fetching a client credentials token" time="0.003463375">
        </testcase>
        <testcase classname="src/execution-engine/node-execution-context/utils/request-helpers/__tests__/oauth.test.ts" name="refreshOAuth2Token &gt; should refresh the OAuth2 token with authorization code grant type" time="0.004338167">
        </testcase>
        <testcase classname="src/execution-engine/node-execution-context/utils/request-helpers/__tests__/oauth.test.ts" name="refreshOAuth2Token &gt; should throw an error if the OAuth2 token is not connected" time="0.000741375">
        </testcase>
        <testcase classname="src/execution-engine/node-execution-context/utils/request-helpers/__tests__/oauth.test.ts" name="refreshOAuth2Token &gt; should throw an error if node does not have credentials" time="0.000392583">
        </testcase>
        <testcase classname="src/execution-engine/node-execution-context/utils/request-helpers/__tests__/oauth.test.ts" name="refreshOAuth2Token &gt; should surface an actionable reconnect message when refresh returns invalid_grant" time="0.005006917">
        </testcase>
        <testcase classname="src/execution-engine/node-execution-context/utils/request-helpers/__tests__/oauth.test.ts" name="refreshOAuth2Token &gt; should surface an actionable reconnect message when client credentials token fetch returns invalid_grant" time="0.004590958">
        </testcase>
        <testcase classname="src/execution-engine/node-execution-context/utils/request-helpers/__tests__/oauth.test.ts" name="refreshOAuth2Token &gt; should rethrow non-invalid_grant token errors unchanged" time="0.004541458">
        </testcase>
        <testcase classname="src/execution-engine/node-execution-context/utils/request-helpers/__tests__/oauth.test.ts" name="refreshOAuth2Token &gt; should rethrow non-AuthError refresh failures unchanged" time="0.006916625">
        </testcase>
        <testcase classname="src/execution-engine/node-execution-context/utils/request-helpers/__tests__/oauth.test.ts" name="refreshOAuth2Token &gt; should fall back to credential type when no credential name is set" time="0.003196708">
        </testcase>
        <testcase classname="src/execution-engine/node-execution-context/utils/request-helpers/__tests__/oauth.test.ts" name="refreshOAuth2Token &gt; JWE decryption via oauth-jwe proxy &gt; decrypts the refreshed token via the proxy when present" time="0.003456042">
        </testcase>
        <testcase classname="src/execution-engine/node-execution-context/utils/request-helpers/__tests__/oauth.test.ts" name="refreshOAuth2Token &gt; JWE decryption via oauth-jwe proxy &gt; passes refreshed token through unchanged when proxy is absent" time="0.003628583">
        </testcase>
        <testcase classname="src/execution-engine/node-execution-context/utils/request-helpers/__tests__/oauth.test.ts" name="refreshOAuth2Token &gt; JWE decryption via oauth-jwe proxy &gt; propagates plaintext rejection thrown by the proxy" time="0.00270225">
        </testcase>
        <testcase classname="src/execution-engine/node-execution-context/utils/request-helpers/__tests__/oauth.test.ts" name="requestOAuth2 - tokenExpiredStatusCode &gt; should retry on 401 by default (isN8nRequest path)" time="0.00436725">
        </testcase>
        <testcase classname="src/execution-engine/node-execution-context/utils/request-helpers/__tests__/oauth.test.ts" name="requestOAuth2 - tokenExpiredStatusCode &gt; should retry on custom tokenExpiredStatusCode 403 from credentials (isN8nRequest path)" time="0.003967584">
        </testcase>
        <testcase classname="src/execution-engine/node-execution-context/utils/request-helpers/__tests__/oauth.test.ts" name="requestOAuth2 - tokenExpiredStatusCode &gt; should retry on custom tokenExpiredStatusCode &quot;403&quot; from credentials (isN8nRequest path)" time="0.002562083">
        </testcase>
        <testcase classname="src/execution-engine/node-execution-context/utils/request-helpers/__tests__/oauth.test.ts" name="requestOAuth2 - tokenExpiredStatusCode &gt; should retry when credential tokenExpiredStatusCode contains numeric strings" time="0.003857917">
        </testcase>
        <testcase classname="src/execution-engine/node-execution-context/utils/request-helpers/__tests__/oauth.test.ts" name="requestOAuth2 - tokenExpiredStatusCode &gt; should NOT retry on 401 when credential sets tokenExpiredStatusCode to 403 (isN8nRequest path)" time="0.000295375">
        </testcase>
        <testcase classname="src/execution-engine/node-execution-context/utils/request-helpers/__tests__/oauth.test.ts" name="requestOAuth2 - tokenExpiredStatusCode &gt; credential-level tokenExpiredStatusCode should take priority over oAuth2Options" time="0.003683209">
        </testcase>
        <testcase classname="src/execution-engine/node-execution-context/utils/request-helpers/__tests__/oauth.test.ts" name="requestOAuth2 - tokenExpiredStatusCode &gt; should retry on 403 when oAuth2Options tokenExpiredStatusCode is [403, 404] (isN8nRequest path)" time="0.003239166">
        </testcase>
        <testcase classname="src/execution-engine/node-execution-context/utils/request-helpers/__tests__/oauth.test.ts" name="requestOAuth2 - tokenExpiredStatusCode &gt; should retry on 404 when oAuth2Options tokenExpiredStatusCode is [403, 404] (isN8nRequest path)" time="0.003805167">
        </testcase>
        <testcase classname="src/execution-engine/node-execution-context/utils/request-helpers/__tests__/oauth.test.ts" name="requestOAuth2 - tokenExpiredStatusCode &gt; should NOT retry on a status outside the [403, 404] array (isN8nRequest path)" time="0.000356083">
        </testcase>
        <testcase classname="src/execution-engine/node-execution-context/utils/request-helpers/__tests__/oauth.test.ts" name="requestOAuth2 - tokenExpiredStatusCode &gt; skipRefreshWhileTokenIsFresh &gt; should NOT refresh on 403 while the stored token still has time left" time="0.000260333">
        </testcase>
        <testcase classname="src/execution-engine/node-execution-context/utils/request-helpers/__tests__/oauth.test.ts" name="requestOAuth2 - tokenExpiredStatusCode &gt; skipRefreshWhileTokenIsFresh &gt; should NOT refresh on 404 while the stored token still has time left" time="0.000134209">
        </testcase>
        <testcase classname="src/execution-engine/node-execution-context/utils/request-helpers/__tests__/oauth.test.ts" name="requestOAuth2 - tokenExpiredStatusCode &gt; skipRefreshWhileTokenIsFresh &gt; should refresh and retry on 403 once the stored token is past its expiry" time="0.003969166">
        </testcase>
        <testcase classname="src/execution-engine/node-execution-context/utils/request-helpers/__tests__/oauth.test.ts" name="requestOAuth2 - tokenExpiredStatusCode &gt; skipRefreshWhileTokenIsFresh &gt; should refresh and retry on 404 once the stored token is past its expiry" time="0.003806583">
        </testcase>
        <testcase classname="src/execution-engine/node-execution-context/utils/request-helpers/__tests__/oauth.test.ts" name="requestOAuth2 - tokenExpiredStatusCode &gt; skipRefreshWhileTokenIsFresh &gt; should still refresh on a 401, whatever the stored expiry says" time="0.000303">
        </testcase>
        <testcase classname="src/execution-engine/node-execution-context/utils/request-helpers/__tests__/oauth.test.ts" name="requestOAuth2 - tokenExpiredStatusCode &gt; skipRefreshWhileTokenIsFresh &gt; should still refresh on a 404 when the stored expiry is unknown" time="0.000207417">
        </testcase>
        <testcase classname="src/execution-engine/node-execution-context/utils/request-helpers/__tests__/oauth.test.ts" name="requestOAuth2 - tokenExpiredStatusCode &gt; skipRefreshWhileTokenIsFresh &gt; should NOT refresh on a 404 right after the first clientCredentials token exchange" time="0.00381375">
        </testcase>
        <testcase classname="src/execution-engine/node-execution-context/utils/request-helpers/__tests__/oauth.test.ts" name="requestOAuth2 - tokenExpiredStatusCode &gt; should NOT retry on token-expired status when oAuth2Options.skipTokenRefresh is true (isN8nRequest path)" time="0.000242625">
        </testcase>
        <testcase classname="src/execution-engine/node-execution-context/utils/request-helpers/__tests__/oauth.test.ts" name="requestOAuth2 - tokenExpiredStatusCode &gt; should NOT retry on token-expired status when oAuth2Options.skipTokenRefresh is true (legacy request path)" time="0.000234792">
        </testcase>
        <testcase classname="src/execution-engine/node-execution-context/utils/request-helpers/__tests__/oauth.test.ts" name="requestOAuth2 - client credentials initial token fetch &gt; should not send scope parameter when scope is empty" time="0.004093125">
        </testcase>
        <testcase classname="src/execution-engine/node-execution-context/utils/request-helpers/__tests__/oauth.test.ts" name="requestOAuth2 - client credentials initial token fetch &gt; should send scope parameter when scope is set" time="0.004029875">
        </testcase>
        <testcase classname="src/execution-engine/node-execution-context/utils/request-helpers/__tests__/oauth.test.ts" name="requestOAuth2 - client credentials initial token fetch &gt; should throw OperationalError with clear message when token acquisition fails" time="0.004452166">
        </testcase>
        <testcase classname="src/execution-engine/node-execution-context/utils/request-helpers/__tests__/oauth.test.ts" name="requestOAuth2 - preAuthentication &gt; initial path: signs request with token transformed by preAuthentication" time="0.000462583">
        </testcase>
        <testcase classname="src/execution-engine/node-execution-context/utils/request-helpers/__tests__/oauth.test.ts" name="requestOAuth2 - preAuthentication &gt; initial path: undefined preAuthentication leaves request untouched" time="0.000149458">
        </testcase>
        <testcase classname="src/execution-engine/node-execution-context/utils/request-helpers/__tests__/oauth.test.ts" name="requestOAuth2 - preAuthentication &gt; refresh path: retry signs with preAuthentication-transformed refreshed token and persists it" time="0.004314">
        </testcase>
        <testcase classname="src/execution-engine/node-execution-context/utils/request-helpers/__tests__/oauth.test.ts" name="requestOAuth2 - preAuthentication &gt; refresh path: undefined preAuthentication signs retry with raw refreshed token" time="0.004050833">
        </testcase>
        <testcase classname="src/execution-engine/node-execution-context/utils/request-helpers/__tests__/oauth.test.ts" name="requestOAuth2 - preAuthentication &gt; refreshOAuth2Token: returns transformed data after preAuthentication" time="0.003929917">
        </testcase>
        <testcase classname="src/execution-engine/node-execution-context/utils/request-helpers/__tests__/oauth.test.ts" name="requestOAuth2 - concurrent refresh serialization &gt; coalesces concurrent refreshes of the same credential into one network call" time="0.0042565">
        </testcase>
        <testcase classname="src/execution-engine/node-execution-context/utils/request-helpers/__tests__/oauth.test.ts" name="requestOAuth2 - concurrent refresh serialization &gt; adopts the stored token without a network refresh when it already rotated" time="0.000336167">
        </testcase>
        <testcase classname="src/execution-engine/node-execution-context/utils/request-helpers/__tests__/oauth.test.ts" name="requestOAuth2 - concurrent refresh serialization &gt; refreshes when oAuth2Options.property resolves to an unchanged nested token" time="0.00451675">
        </testcase>
        <testcase classname="src/execution-engine/node-execution-context/utils/request-helpers/__tests__/oauth.test.ts" name="requestOAuth2 - concurrent refresh serialization &gt; adopts the stored token when oAuth2Options.property nested token already rotated" time="0.000367708">
        </testcase>
        <testcase classname="src/execution-engine/node-execution-context/utils/request-helpers/__tests__/oauth.test.ts" name="requestOAuth2 - concurrent refresh serialization &gt; rejects all waiters on a failed refresh and clears the map for a later retry" time="0.007496625">
        </testcase>
        <testcase classname="src/execution-engine/node-execution-context/utils/request-helpers/__tests__/oauth.test.ts" name="requestOAuth2 - concurrent refresh serialization &gt; refreshes without a lease when lease acquisition times out" time="0.004031666">
        </testcase>
        <testcase classname="src/execution-engine/node-execution-context/utils/request-helpers/__tests__/oauth.test.ts" name="requestOAuth2 - concurrent refresh serialization &gt; wraps the refresh in LockService.withLease keyed by the credential id" time="0.004195916">
        </testcase>
        <testcase classname="src/execution-engine/node-execution-context/utils/request-helpers/__tests__/oauth.test.ts" name="requestOAuth2 - single-use request bodies &gt; surfaces the original 401 instead of replaying a FormData body (httpRequest path)" time="0.004660417">
        </testcase>
        <testcase classname="src/execution-engine/node-execution-context/utils/request-helpers/__tests__/oauth.test.ts" name="requestOAuth2 - single-use request bodies &gt; surfaces the original 401 instead of replaying a stream body (httpRequest path)" time="0.003179833">
        </testcase>
        <testcase classname="src/execution-engine/node-execution-context/utils/request-helpers/__tests__/oauth.test.ts" name="requestOAuth2 - single-use request bodies &gt; surfaces the original 401 when a formData descriptor field is a stream (legacy path)" time="0.005536209">
        </testcase>
        <testcase classname="src/execution-engine/node-execution-context/utils/request-helpers/__tests__/oauth.test.ts" name="requestOAuth2 - single-use request bodies &gt; surfaces the original 401 when a multipart body field is a stream (legacy path)" time="0.004210334">
        </testcase>
        <testcase classname="src/execution-engine/node-execution-context/utils/request-helpers/__tests__/oauth.test.ts" name="requestOAuth2 - single-use request bodies &gt; surfaces the original 401 when formData is a FormData instance (legacy path)" time="0.005140333">
        </testcase>
        <testcase classname="src/execution-engine/node-execution-context/utils/request-helpers/__tests__/oauth.test.ts" name="requestOAuth2 - single-use request bodies &gt; still retries when the formData descriptor holds only replayable values (legacy path)" time="0.003831">
        </testcase>
        <testcase classname="src/execution-engine/node-execution-context/utils/request-helpers/__tests__/oauth.test.ts" name="requestOAuth2 - single-use request bodies &gt; resolves with the original 401 response for a single-use body under simple:false + resolveWithFullResponse (legacy path)" time="0.003845709">
        </testcase>
    </testsuite>
    <testsuite name="src/execution-engine/node-execution-context/utils/request-helpers/__tests__/pagination.test.ts" timestamp="2026-09-25T10:39:02.218Z" hostname="MacBook-Pro-von-Dennis.local" tests="12" failures="0" errors="0" skipped="0" time="0.005627042">
        <testcase classname="src/execution-engine/node-execution-context/utils/request-helpers/__tests__/pagination.test.ts" name="applyPaginationRequestData &gt; should merge pagination request data with original request options" time="0.001685375">
        </testcase>
        <testcase classname="src/execution-engine/node-execution-context/utils/request-helpers/__tests__/pagination.test.ts" name="applyPaginationRequestData &gt; should handle formData correctly" time="0.000210667">
        </testcase>
        <testcase classname="src/execution-engine/node-execution-context/utils/request-helpers/__tests__/pagination.test.ts" name="applyPaginationRequestData &gt; should handle form data correctly" time="0.000143875">
        </testcase>
        <testcase classname="src/execution-engine/node-execution-context/utils/request-helpers/__tests__/pagination.test.ts" name="applyPaginationRequestData &gt; should prefer pagination body over original body" time="0.000136208">
        </testcase>
        <testcase classname="src/execution-engine/node-execution-context/utils/request-helpers/__tests__/pagination.test.ts" name="applyPaginationRequestData &gt; should merge complex request options" time="0.00019325">
        </testcase>
        <testcase classname="src/execution-engine/node-execution-context/utils/request-helpers/__tests__/pagination.test.ts" name="applyPaginationRequestData &gt; should not re-apply qs keys already embedded in the next-page URL" time="0.000120792">
        </testcase>
        <testcase classname="src/execution-engine/node-execution-context/utils/request-helpers/__tests__/pagination.test.ts" name="applyPaginationRequestData &gt; should keep the original qs when the next-page URL is relative/unparseable" time="0.000108084">
        </testcase>
        <testcase classname="src/execution-engine/node-execution-context/utils/request-helpers/__tests__/pagination.test.ts" name="applyPaginationRequestData &gt; should not throw when there is no qs and the next-page URL carries params" time="0.00008025">
        </testcase>
        <testcase classname="src/execution-engine/node-execution-context/utils/request-helpers/__tests__/pagination.test.ts" name="applyPaginationRequestData &gt; should handle edge cases with empty pagination data" time="0.000087083">
        </testcase>
        <testcase classname="src/execution-engine/node-execution-context/utils/request-helpers/__tests__/pagination.test.ts" name="requestWithAuthenticationPaginated &gt; exposes the provided sanitized request to pagination expressions" time="0.001127625">
        </testcase>
        <testcase classname="src/execution-engine/node-execution-context/utils/request-helpers/__tests__/pagination.test.ts" name="requestWithAuthenticationPaginated &gt; uses the unmodified request options for the actual outgoing request" time="0.000193916">
        </testcase>
        <testcase classname="src/execution-engine/node-execution-context/utils/request-helpers/__tests__/pagination.test.ts" name="requestWithAuthenticationPaginated &gt; falls back to the request options when no sanitized request is provided" time="0.000133708">
        </testcase>
    </testsuite>
</testsuites>
