<?xml version="1.0" encoding="UTF-8" ?>
<testsuites name="vitest tests" tests="1657" failures="0" errors="0" time="1.738882963">
    <testsuite name="src/execution-engine/__tests__/active-workflow-triggers.test.ts" timestamp="2026-09-05T05:13:12.661Z" hostname="localhost" tests="64" failures="0" errors="0" skipped="0" time="0.062945791">
        <testcase classname="src/execution-engine/__tests__/active-workflow-triggers.test.ts" name="ActiveWorkflowTriggers &gt; addAllTriggers() &gt; should activate workflow &gt; with trigger function nodes" time="0.002526">
        </testcase>
        <testcase classname="src/execution-engine/__tests__/active-workflow-triggers.test.ts" name="ActiveWorkflowTriggers &gt; addAllTriggers() &gt; should activate workflow &gt; ignores trigger function nodes that return no response and register no cron" time="0.00054825">
        </testcase>
        <testcase classname="src/execution-engine/__tests__/active-workflow-triggers.test.ts" name="ActiveWorkflowTriggers &gt; addAllTriggers() &gt; should activate workflow &gt; records trigger function nodes that return no response but register a cron" time="0.000614958">
        </testcase>
        <testcase classname="src/execution-engine/__tests__/active-workflow-triggers.test.ts" name="ActiveWorkflowTriggers &gt; addAllTriggers() &gt; should activate workflow &gt; with poll trigger nodes" time="0.001234625">
        </testcase>
        <testcase classname="src/execution-engine/__tests__/active-workflow-triggers.test.ts" name="ActiveWorkflowTriggers &gt; addAllTriggers() &gt; should activate workflow &gt; with both trigger function and poll trigger nodes" time="0.000457625">
        </testcase>
        <testcase classname="src/execution-engine/__tests__/active-workflow-triggers.test.ts" name="ActiveWorkflowTriggers &gt; addAllTriggers() &gt; should activate workflow &gt; with one node registered as both a trigger function and poll trigger" time="0.0004345">
        </testcase>
        <testcase classname="src/execution-engine/__tests__/active-workflow-triggers.test.ts" name="ActiveWorkflowTriggers &gt; addAllTriggers() &gt; should throw error &gt; if trigger activation fails" time="0.000858833">
        </testcase>
        <testcase classname="src/execution-engine/__tests__/active-workflow-triggers.test.ts" name="ActiveWorkflowTriggers &gt; addAllTriggers() &gt; should throw error &gt; if poll trigger activation fails" time="0.000317084">
        </testcase>
        <testcase classname="src/execution-engine/__tests__/active-workflow-triggers.test.ts" name="ActiveWorkflowTriggers &gt; addAllTriggers() &gt; should throw error &gt; if the polling interval is too short" time="0.000620917">
        </testcase>
        <testcase classname="src/execution-engine/__tests__/active-workflow-triggers.test.ts" name="ActiveWorkflowTriggers &gt; addAllTriggers() &gt; should throw error &gt; should not throw for a 5-field cron expression with step values in minutes field" time="0.00037425">
        </testcase>
        <testcase classname="src/execution-engine/__tests__/active-workflow-triggers.test.ts" name="ActiveWorkflowTriggers &gt; addAllTriggers() &gt; should roll back partial activation on failure &gt; closes already-registered trigger responses when a later trigger node fails" time="0.000396375">
        </testcase>
        <testcase classname="src/execution-engine/__tests__/active-workflow-triggers.test.ts" name="ActiveWorkflowTriggers &gt; addAllTriggers() &gt; should roll back partial activation on failure &gt; closes already-registered trigger responses when a poll node fails" time="0.000377125">
        </testcase>
        <testcase classname="src/execution-engine/__tests__/active-workflow-triggers.test.ts" name="ActiveWorkflowTriggers &gt; addAllTriggers() &gt; should roll back partial activation on failure &gt; continues cleanup and still surfaces the activation error when a close function throws" time="0.000927">
        </testcase>
        <testcase classname="src/execution-engine/__tests__/active-workflow-triggers.test.ts" name="ActiveWorkflowTriggers &gt; addAllTriggers() &gt; should acquire expression isolate around scheduled polls &gt; should acquire and release the isolate when the scheduled poll fires" time="0.000521667">
        </testcase>
        <testcase classname="src/execution-engine/__tests__/active-workflow-triggers.test.ts" name="ActiveWorkflowTriggers &gt; addAllTriggers() &gt; should acquire expression isolate around scheduled polls &gt; should not acquire the isolate during the initial activation test poll" time="0.000212333">
        </testcase>
        <testcase classname="src/execution-engine/__tests__/active-workflow-triggers.test.ts" name="ActiveWorkflowTriggers &gt; addAllTriggers() &gt; should acquire expression isolate around scheduled polls &gt; should release the isolate when __emit throws after a successful poll" time="0.000428958">
        </testcase>
        <testcase classname="src/execution-engine/__tests__/active-workflow-triggers.test.ts" name="ActiveWorkflowTriggers &gt; addAllTriggers() &gt; should acquire expression isolate around scheduled polls &gt; should route a failed acquireIsolate on a scheduled poll through __emitError" time="0.002307291">
        </testcase>
        <testcase classname="src/execution-engine/__tests__/active-workflow-triggers.test.ts" name="ActiveWorkflowTriggers &gt; addAllTriggers() &gt; should acquire expression isolate around scheduled polls &gt; should release the isolate even when the scheduled poll throws" time="0.000944125">
        </testcase>
        <testcase classname="src/execution-engine/__tests__/active-workflow-triggers.test.ts" name="ActiveWorkflowTriggers &gt; addAllTriggers() &gt; should handle polling errors &gt; should throw error when poll fails during initial testing" time="0.000753875">
        </testcase>
        <testcase classname="src/execution-engine/__tests__/active-workflow-triggers.test.ts" name="ActiveWorkflowTriggers &gt; addAllTriggers() &gt; should handle polling errors &gt; should emit error when poll fails during regular polling" time="0.000464125">
        </testcase>
        <testcase classname="src/execution-engine/__tests__/active-workflow-triggers.test.ts" name="ActiveWorkflowTriggers &gt; in-flight poll during workflow activation &gt; should not emit from a poll that was already in flight when the workflow was removed" time="0.000552333">
        </testcase>
        <testcase classname="src/execution-engine/__tests__/active-workflow-triggers.test.ts" name="ActiveWorkflowTriggers &gt; in-flight poll during workflow activation &gt; should not emit an error from a poll that was already in flight when the workflow was removed" time="0.000379">
        </testcase>
        <testcase classname="src/execution-engine/__tests__/active-workflow-triggers.test.ts" name="ActiveWorkflowTriggers &gt; in-flight poll during workflow activation &gt; should skip the poll entirely when the workflow is removed before running the poller" time="0.000878625">
        </testcase>
        <testcase classname="src/execution-engine/__tests__/active-workflow-triggers.test.ts" name="ActiveWorkflowTriggers &gt; in-flight poll during workflow activation &gt; drops a stale in-flight poll but keeps emitting from the reactivated workflow" time="0.000598125">
        </testcase>
        <testcase classname="src/execution-engine/__tests__/active-workflow-triggers.test.ts" name="ActiveWorkflowTriggers &gt; in-flight poll during workflow activation &gt; should not emit from a poll node removed while the workflow remains active" time="0.000319459">
        </testcase>
        <testcase classname="src/execution-engine/__tests__/active-workflow-triggers.test.ts" name="ActiveWorkflowTriggers &gt; in-flight poll during workflow activation &gt; should not emit an error from a poll node removed while the workflow remains active" time="0.000265875">
        </testcase>
        <testcase classname="src/execution-engine/__tests__/active-workflow-triggers.test.ts" name="ActiveWorkflowTriggers &gt; remove() &gt; should remove an active workflow" time="0.000232459">
        </testcase>
        <testcase classname="src/execution-engine/__tests__/active-workflow-triggers.test.ts" name="ActiveWorkflowTriggers &gt; remove() &gt; should return false when removing non-existent workflow" time="0.000112958">
        </testcase>
        <testcase classname="src/execution-engine/__tests__/active-workflow-triggers.test.ts" name="ActiveWorkflowTriggers &gt; remove() &gt; should not warn when removing a workflow not active in memory" time="0.000093667">
        </testcase>
        <testcase classname="src/execution-engine/__tests__/active-workflow-triggers.test.ts" name="ActiveWorkflowTriggers &gt; remove() &gt; should handle TriggerCloseError when closing trigger" time="0.000294125">
        </testcase>
        <testcase classname="src/execution-engine/__tests__/active-workflow-triggers.test.ts" name="ActiveWorkflowTriggers &gt; remove() &gt; should report success and permanently drop the trigger reference when closeFunction fails with TriggerCloseError" time="0.000229833">
        </testcase>
        <testcase classname="src/execution-engine/__tests__/active-workflow-triggers.test.ts" name="ActiveWorkflowTriggers &gt; remove() &gt; should throw WorkflowDeactivationError when closeFunction throws regular error" time="0.000281083">
        </testcase>
        <testcase classname="src/execution-engine/__tests__/active-workflow-triggers.test.ts" name="ActiveWorkflowTriggers &gt; remove() &gt; best-effort teardown &gt; attempts every close and keeps only the failed nodes tracked" time="0.000319167">
        </testcase>
        <testcase classname="src/execution-engine/__tests__/active-workflow-triggers.test.ts" name="ActiveWorkflowTriggers &gt; remove() &gt; best-effort teardown &gt; reports every failure except the last, which is thrown" time="0.000981667">
        </testcase>
        <testcase classname="src/execution-engine/__tests__/active-workflow-triggers.test.ts" name="ActiveWorkflowTriggers &gt; remove() &gt; best-effort teardown &gt; retries only the still-tracked nodes and converges once the close succeeds" time="0.00028925">
        </testcase>
        <testcase classname="src/execution-engine/__tests__/active-workflow-triggers.test.ts" name="ActiveWorkflowTriggers &gt; get() and isActive() &gt; should return workflow data for active workflow" time="0.000148542">
        </testcase>
        <testcase classname="src/execution-engine/__tests__/active-workflow-triggers.test.ts" name="ActiveWorkflowTriggers &gt; get() and isActive() &gt; should return undefined for non-active workflow" time="0.00009575">
        </testcase>
        <testcase classname="src/execution-engine/__tests__/active-workflow-triggers.test.ts" name="ActiveWorkflowTriggers &gt; getRegisteredTriggerNodeIds() &gt; unions canonical registrations with registered cron node ids" time="0.0001565">
        </testcase>
        <testcase classname="src/execution-engine/__tests__/active-workflow-triggers.test.ts" name="ActiveWorkflowTriggers &gt; getRegisteredTriggerNodeIds() &gt; returns poll node ids from canonical registration state" time="0.000158667">
        </testcase>
        <testcase classname="src/execution-engine/__tests__/active-workflow-triggers.test.ts" name="ActiveWorkflowTriggers &gt; getRegisteredTriggerNodeIds() &gt; returns only cron node ids when the workflow has no canonical registrations" time="0.000111375">
        </testcase>
        <testcase classname="src/execution-engine/__tests__/active-workflow-triggers.test.ts" name="ActiveWorkflowTriggers &gt; allActiveWorkflows() &gt; should return all active workflow IDs" time="0.00022225">
        </testcase>
        <testcase classname="src/execution-engine/__tests__/active-workflow-triggers.test.ts" name="ActiveWorkflowTriggers &gt; removeAllNonWebhookTriggerWorkflows() &gt; should remove all active workflows" time="0.000197042">
        </testcase>
        <testcase classname="src/execution-engine/__tests__/active-workflow-triggers.test.ts" name="ActiveWorkflowTriggers &gt; addTriggers() &gt; registers only the requested trigger nodes" time="0.000202958">
        </testcase>
        <testcase classname="src/execution-engine/__tests__/active-workflow-triggers.test.ts" name="ActiveWorkflowTriggers &gt; addTriggers() &gt; merges newly added triggers into an already-active workflow" time="0.000161417">
        </testcase>
        <testcase classname="src/execution-engine/__tests__/active-workflow-triggers.test.ts" name="ActiveWorkflowTriggers &gt; addTriggers() &gt; shares workflow state across concurrent single-node registrations" time="0.000190917">
        </testcase>
        <testcase classname="src/execution-engine/__tests__/active-workflow-triggers.test.ts" name="ActiveWorkflowTriggers &gt; addTriggers() &gt; keeps the successful concurrent registration when another one fails" time="0.000337875">
        </testcase>
        <testcase classname="src/execution-engine/__tests__/active-workflow-triggers.test.ts" name="ActiveWorkflowTriggers &gt; removeTriggers() &gt; closes only the targeted trigger and deregisters its cron, leaving others active" time="0.000220084">
        </testcase>
        <testcase classname="src/execution-engine/__tests__/active-workflow-triggers.test.ts" name="ActiveWorkflowTriggers &gt; removeTriggers() &gt; drops the workflow once its last trigger registration is removed" time="0.0001325">
        </testcase>
        <testcase classname="src/execution-engine/__tests__/active-workflow-triggers.test.ts" name="ActiveWorkflowTriggers &gt; removeTriggers() &gt; keeps workflow state during concurrent removals until the last trigger is gone" time="0.002808333">
        </testcase>
        <testcase classname="src/execution-engine/__tests__/active-workflow-triggers.test.ts" name="ActiveWorkflowTriggers &gt; removeTriggers() &gt; keeps the workflow entry until the last trigger or cron is gone" time="0.000467584">
        </testcase>
        <testcase classname="src/execution-engine/__tests__/active-workflow-triggers.test.ts" name="ActiveWorkflowTriggers &gt; removeTriggers() &gt; keeps the workflow active while a poll registration remains" time="0.000398666">
        </testcase>
        <testcase classname="src/execution-engine/__tests__/active-workflow-triggers.test.ts" name="ActiveWorkflowTriggers &gt; removeTriggers() &gt; deregisters crons for a poll node with no trigger response" time="0.000200625">
        </testcase>
        <testcase classname="src/execution-engine/__tests__/active-workflow-triggers.test.ts" name="ActiveWorkflowTriggers &gt; ScheduledTaskManager cron cleanup &gt; should stop a stranded cron on remove and report it as removed even when the workflow is not active in memory" time="0.020814334">
        </testcase>
        <testcase classname="src/execution-engine/__tests__/active-workflow-triggers.test.ts" name="ActiveWorkflowTriggers &gt; ScheduledTaskManager cron cleanup &gt; should warn when it deregisters a cron for a workflow not active in memory" time="0.002072625">
        </testcase>
        <testcase classname="src/execution-engine/__tests__/active-workflow-triggers.test.ts" name="ActiveWorkflowTriggers &gt; ScheduledTaskManager cron cleanup &gt; should deregister crons not tracked as active on removeAll" time="0.001748125">
        </testcase>
        <testcase classname="src/execution-engine/__tests__/active-workflow-triggers.test.ts" name="ActiveWorkflowTriggers &gt; ScheduledTaskManager cron cleanup &gt; should leave no registered cron when a later trigger node fails activation" time="0.001876083">
        </testcase>
        <testcase classname="src/execution-engine/__tests__/active-workflow-triggers.test.ts" name="ActiveWorkflowTriggers &gt; ScheduledTaskManager cron cleanup &gt; should leave no registered cron when a later poll node fails activation" time="0.00078825">
        </testcase>
        <testcase classname="src/execution-engine/__tests__/active-workflow-triggers.test.ts" name="ActiveWorkflowTriggers &gt; ScheduledTaskManager cron cleanup &gt; should tear down a lingering cron before re-adding so reactivation does not leave a duplicate" time="0.00372675">
        </testcase>
        <testcase classname="src/execution-engine/__tests__/active-workflow-triggers.test.ts" name="ActiveWorkflowTriggers &gt; poll triggers via the durable scheduler &gt; &apos;no durable manager bound: registers a…&apos;" time="0.000974625">
        </testcase>
        <testcase classname="src/execution-engine/__tests__/active-workflow-triggers.test.ts" name="ActiveWorkflowTriggers &gt; poll triggers via the durable scheduler &gt; &apos;manager bound and freshly inserted: p…&apos;" time="0.000438875">
        </testcase>
        <testcase classname="src/execution-engine/__tests__/active-workflow-triggers.test.ts" name="ActiveWorkflowTriggers &gt; poll triggers via the durable scheduler &gt; &apos;manager bound and a pure reconcile: p…&apos;" time="0.000338417">
        </testcase>
        <testcase classname="src/execution-engine/__tests__/active-workflow-triggers.test.ts" name="ActiveWorkflowTriggers &gt; poll triggers via the durable scheduler &gt; &apos;manager bound to the no-op implementa…&apos;" time="0.000326209">
        </testcase>
        <testcase classname="src/execution-engine/__tests__/active-workflow-triggers.test.ts" name="ActiveWorkflowTriggers &gt; poll triggers via the durable scheduler &gt; provisions nothing when the sub-minute guard fails activation" time="0.000608458">
        </testcase>
        <testcase classname="src/execution-engine/__tests__/active-workflow-triggers.test.ts" name="ActiveWorkflowTriggers &gt; poll triggers via the durable scheduler &gt; removeTriggers clears only the legacy cron for a removed poll node, without touching the durable manager" time="0.0003585">
        </testcase>
    </testsuite>
    <testsuite name="src/execution-engine/__tests__/eval-mock-fixtures.test.ts" timestamp="2026-09-05T05:13:12.665Z" hostname="localhost" tests="41" failures="0" errors="0" skipped="0" time="0.025829084">
        <testcase classname="src/execution-engine/__tests__/eval-mock-fixtures.test.ts" name="eval-mock-fixtures &gt; synthesizeBinaryFixture &gt; override path &gt; should return the override buffer untouched when provided" time="0.000953834">
        </testcase>
        <testcase classname="src/execution-engine/__tests__/eval-mock-fixtures.test.ts" name="eval-mock-fixtures &gt; synthesizeBinaryFixture &gt; override path &gt; should ignore sizeHint when override is provided" time="0.00011075">
        </testcase>
        <testcase classname="src/execution-engine/__tests__/eval-mock-fixtures.test.ts" name="eval-mock-fixtures &gt; synthesizeBinaryFixture &gt; per-MIME magic bytes (file-type sniffing) &gt; should produce a &apos;image/png&apos; fixture that file-type sniffs as &apos;image/png&apos;" time="0.001340958">
        </testcase>
        <testcase classname="src/execution-engine/__tests__/eval-mock-fixtures.test.ts" name="eval-mock-fixtures &gt; synthesizeBinaryFixture &gt; per-MIME magic bytes (file-type sniffing) &gt; should produce a &apos;image/jpeg&apos; fixture that file-type sniffs as &apos;image/jpeg&apos;" time="0.000125292">
        </testcase>
        <testcase classname="src/execution-engine/__tests__/eval-mock-fixtures.test.ts" name="eval-mock-fixtures &gt; synthesizeBinaryFixture &gt; per-MIME magic bytes (file-type sniffing) &gt; should produce a &apos;image/gif&apos; fixture that file-type sniffs as &apos;image/gif&apos;" time="0.000112291">
        </testcase>
        <testcase classname="src/execution-engine/__tests__/eval-mock-fixtures.test.ts" name="eval-mock-fixtures &gt; synthesizeBinaryFixture &gt; per-MIME magic bytes (file-type sniffing) &gt; should produce a &apos;image/webp&apos; fixture that file-type sniffs as &apos;image/webp&apos;" time="0.000145042">
        </testcase>
        <testcase classname="src/execution-engine/__tests__/eval-mock-fixtures.test.ts" name="eval-mock-fixtures &gt; synthesizeBinaryFixture &gt; per-MIME magic bytes (file-type sniffing) &gt; should produce a &apos;application/pdf&apos; fixture that file-type sniffs as &apos;application/pdf&apos;" time="0.000107833">
        </testcase>
        <testcase classname="src/execution-engine/__tests__/eval-mock-fixtures.test.ts" name="eval-mock-fixtures &gt; synthesizeBinaryFixture &gt; per-MIME magic bytes (file-type sniffing) &gt; should produce a &apos;application/zip&apos; fixture that file-type sniffs as &apos;application/zip&apos;" time="0.000101417">
        </testcase>
        <testcase classname="src/execution-engine/__tests__/eval-mock-fixtures.test.ts" name="eval-mock-fixtures &gt; synthesizeBinaryFixture &gt; per-MIME magic bytes (file-type sniffing) &gt; should produce a &apos;application/gzip&apos; fixture that file-type sniffs as &apos;application/gzip&apos;" time="0.006081625">
        </testcase>
        <testcase classname="src/execution-engine/__tests__/eval-mock-fixtures.test.ts" name="eval-mock-fixtures &gt; synthesizeBinaryFixture &gt; per-MIME magic bytes (file-type sniffing) &gt; should produce a &apos;audio/mpeg&apos; fixture that file-type sniffs as &apos;audio/mpeg&apos;" time="0.000323458">
        </testcase>
        <testcase classname="src/execution-engine/__tests__/eval-mock-fixtures.test.ts" name="eval-mock-fixtures &gt; synthesizeBinaryFixture &gt; per-MIME magic bytes (file-type sniffing) &gt; should produce a &apos;audio/wav&apos; fixture that file-type sniffs as &apos;audio/wav&apos;" time="0.000142083">
        </testcase>
        <testcase classname="src/execution-engine/__tests__/eval-mock-fixtures.test.ts" name="eval-mock-fixtures &gt; synthesizeBinaryFixture &gt; per-MIME magic bytes (file-type sniffing) &gt; should produce a &apos;audio/ogg&apos; fixture that file-type sniffs as &apos;audio/ogg; codecs=opus&apos;" time="0.000104791">
        </testcase>
        <testcase classname="src/execution-engine/__tests__/eval-mock-fixtures.test.ts" name="eval-mock-fixtures &gt; synthesizeBinaryFixture &gt; per-MIME magic bytes (file-type sniffing) &gt; should produce a &apos;video/mp4&apos; fixture that file-type sniffs as &apos;video/mp4&apos;" time="0.000103541">
        </testcase>
        <testcase classname="src/execution-engine/__tests__/eval-mock-fixtures.test.ts" name="eval-mock-fixtures &gt; synthesizeBinaryFixture &gt; per-MIME magic bytes (file-type sniffing) &gt; should embed the filename inside SVG fixtures" time="0.000159792">
        </testcase>
        <testcase classname="src/execution-engine/__tests__/eval-mock-fixtures.test.ts" name="eval-mock-fixtures &gt; synthesizeBinaryFixture &gt; text fixtures &gt; should produce JSON plaintext with the filename embedded" time="0.000082625">
        </testcase>
        <testcase classname="src/execution-engine/__tests__/eval-mock-fixtures.test.ts" name="eval-mock-fixtures &gt; synthesizeBinaryFixture &gt; text fixtures &gt; should produce CSV plaintext seeded by the filename" time="0.000050291">
        </testcase>
        <testcase classname="src/execution-engine/__tests__/eval-mock-fixtures.test.ts" name="eval-mock-fixtures &gt; synthesizeBinaryFixture &gt; text fixtures &gt; should fall back to a generic plaintext stub for unknown text/* MIMEs" time="0.000048625">
        </testcase>
        <testcase classname="src/execution-engine/__tests__/eval-mock-fixtures.test.ts" name="eval-mock-fixtures &gt; synthesizeBinaryFixture &gt; octet-stream fallback &gt; should produce deterministic bytes for application/octet-stream" time="0.000175">
        </testcase>
        <testcase classname="src/execution-engine/__tests__/eval-mock-fixtures.test.ts" name="eval-mock-fixtures &gt; synthesizeBinaryFixture &gt; octet-stream fallback &gt; should produce different bytes for different filenames" time="0.000062083">
        </testcase>
        <testcase classname="src/execution-engine/__tests__/eval-mock-fixtures.test.ts" name="eval-mock-fixtures &gt; synthesizeBinaryFixture &gt; octet-stream fallback &gt; should fall back to octet-stream for unknown application/* MIMEs" time="0.000051791">
        </testcase>
        <testcase classname="src/execution-engine/__tests__/eval-mock-fixtures.test.ts" name="eval-mock-fixtures &gt; synthesizeBinaryFixture &gt; determinism &gt; should produce byte-identical output for repeated calls with the same input" time="0.000039625">
        </testcase>
        <testcase classname="src/execution-engine/__tests__/eval-mock-fixtures.test.ts" name="eval-mock-fixtures &gt; synthesizeBinaryFixture &gt; determinism &gt; should ignore content-type charset suffix when picking the fixture" time="0.000048292">
        </testcase>
        <testcase classname="src/execution-engine/__tests__/eval-mock-fixtures.test.ts" name="eval-mock-fixtures &gt; synthesizeBinaryFixture &gt; determinism &gt; should treat content-type case-insensitively" time="0.000036209">
        </testcase>
        <testcase classname="src/execution-engine/__tests__/eval-mock-fixtures.test.ts" name="eval-mock-fixtures &gt; synthesizeBinaryFixture &gt; sizeHint &gt; should keep the fixture at minimum size for sizeHint=small" time="0.000042125">
        </testcase>
        <testcase classname="src/execution-engine/__tests__/eval-mock-fixtures.test.ts" name="eval-mock-fixtures &gt; synthesizeBinaryFixture &gt; sizeHint &gt; should pad PDF tails for sizeHint=medium without breaking mime-sniff" time="0.000946">
        </testcase>
        <testcase classname="src/execution-engine/__tests__/eval-mock-fixtures.test.ts" name="eval-mock-fixtures &gt; synthesizeBinaryFixture &gt; sizeHint &gt; should pad image/png tails for sizeHint=large without breaking mime-sniff" time="0.008140791">
        </testcase>
        <testcase classname="src/execution-engine/__tests__/eval-mock-fixtures.test.ts" name="eval-mock-fixtures &gt; synthesizeBinaryFixture &gt; sizeHint &gt; should NOT pad ZIP fixtures (EOCD-from-end would break)" time="0.000079834">
        </testcase>
        <testcase classname="src/execution-engine/__tests__/eval-mock-fixtures.test.ts" name="eval-mock-fixtures &gt; synthesizeBinaryFixture &gt; sizeHint &gt; should NOT pad video/mp4 fixtures" time="0.000053042">
        </testcase>
        <testcase classname="src/execution-engine/__tests__/eval-mock-fixtures.test.ts" name="eval-mock-fixtures &gt; synthesizeBinaryFixture &gt; sizeHint &gt; should grow octet-stream fallback up to the size target" time="0.000536375">
        </testcase>
        <testcase classname="src/execution-engine/__tests__/eval-mock-fixtures.test.ts" name="eval-mock-fixtures &gt; synthesizeBinaryFixture &gt; sizeHint &gt; should pad JSON text fixtures so JSON.parse still accepts the buffer at medium size" time="0.000429875">
        </testcase>
        <testcase classname="src/execution-engine/__tests__/eval-mock-fixtures.test.ts" name="eval-mock-fixtures &gt; synthesizeBinaryFixture &gt; sizeHint &gt; should pad CSV text fixtures with whitespace (no embedded control bytes)" time="0.000846583">
        </testcase>
        <testcase classname="src/execution-engine/__tests__/eval-mock-fixtures.test.ts" name="eval-mock-fixtures &gt; synthesizeBinaryFixture &gt; sizeHint &gt; should pad XML text fixtures so a well-formed XML parser tolerates the buffer" time="0.000184959">
        </testcase>
        <testcase classname="src/execution-engine/__tests__/eval-mock-fixtures.test.ts" name="eval-mock-fixtures &gt; synthesizeBinaryFixture &gt; sizeHint &gt; should pad arbitrary text/* MIMEs (text/markdown) with whitespace" time="0.000108667">
        </testcase>
        <testcase classname="src/execution-engine/__tests__/eval-mock-fixtures.test.ts" name="eval-mock-fixtures &gt; synthesizeBinaryFixture &gt; content-type defaults &gt; should default to octet-stream when content-type is empty" time="0.000059292">
        </testcase>
        <testcase classname="src/execution-engine/__tests__/eval-mock-fixtures.test.ts" name="eval-mock-fixtures &gt; synthesizeBinaryFixture &gt; content-type defaults &gt; should treat OOXML formats as ZIP for now" time="0.000088459">
        </testcase>
        <testcase classname="src/execution-engine/__tests__/eval-mock-fixtures.test.ts" name="eval-mock-fixtures &gt; evalCanvasPng &gt; produces a sniffable 512×512 PNG with a full pixel raster" time="0.001609334">
        </testcase>
        <testcase classname="src/execution-engine/__tests__/eval-mock-fixtures.test.ts" name="eval-mock-fixtures &gt; evalCanvasPng &gt; returns the cached buffer on repeat calls" time="0.000045208">
        </testcase>
        <testcase classname="src/execution-engine/__tests__/eval-mock-fixtures.test.ts" name="eval-mock-fixtures &gt; buildPdfWithText &gt; embeds each line as an escaped text run in a %PDF...%%EOF document" time="0.000266125">
        </testcase>
        <testcase classname="src/execution-engine/__tests__/eval-mock-fixtures.test.ts" name="eval-mock-fixtures &gt; buildPdfWithText &gt; computes xref offsets that point at the object headers" time="0.000535375">
        </testcase>
        <testcase classname="src/execution-engine/__tests__/eval-mock-fixtures.test.ts" name="eval-mock-fixtures &gt; buildPdfWithText &gt; replaces non-ASCII characters and skips blank lines" time="0.000068083">
        </testcase>
        <testcase classname="src/execution-engine/__tests__/eval-mock-fixtures.test.ts" name="eval-mock-fixtures &gt; buildPdfWithText &gt; falls back to a stub line for empty text" time="0.000051042">
        </testcase>
    </testsuite>
    <testsuite name="src/execution-engine/__tests__/eval-mock-helpers.test.ts" timestamp="2026-09-05T05:13:12.667Z" hostname="localhost" tests="50" failures="0" errors="0" skipped="0" time="0.03309225">
        <testcase classname="src/execution-engine/__tests__/eval-mock-helpers.test.ts" name="eval-mock-helpers &gt; isSecretCredentialProperty &gt; should classify typeOptions.password as secret" time="0.000908958">
        </testcase>
        <testcase classname="src/execution-engine/__tests__/eval-mock-helpers.test.ts" name="eval-mock-helpers &gt; isSecretCredentialProperty &gt; should classify secret name patterns as secret" time="0.000268875">
        </testcase>
        <testcase classname="src/execution-engine/__tests__/eval-mock-helpers.test.ts" name="eval-mock-helpers &gt; isSecretCredentialProperty &gt; should classify boolean, number, and options types as config" time="0.000123583">
        </testcase>
        <testcase classname="src/execution-engine/__tests__/eval-mock-helpers.test.ts" name="eval-mock-helpers &gt; isSecretCredentialProperty &gt; should classify config name patterns as config" time="0.000301708">
        </testcase>
        <testcase classname="src/execution-engine/__tests__/eval-mock-helpers.test.ts" name="eval-mock-helpers &gt; isSecretCredentialProperty &gt; should fall back to secret for ambiguous string properties" time="0.000079834">
        </testcase>
        <testcase classname="src/execution-engine/__tests__/eval-mock-helpers.test.ts" name="eval-mock-helpers &gt; isSecretCredentialProperty &gt; should treat secret name patterns as secret even when type is non-string" time="0.000064375">
        </testcase>
        <testcase classname="src/execution-engine/__tests__/eval-mock-helpers.test.ts" name="eval-mock-helpers &gt; buildEvalMockCredentials &gt; should mock secret properties with descriptive placeholders" time="0.022609958">
        </testcase>
        <testcase classname="src/execution-engine/__tests__/eval-mock-helpers.test.ts" name="eval-mock-helpers &gt; buildEvalMockCredentials &gt; should preserve default values for config properties" time="0.000174667">
        </testcase>
        <testcase classname="src/execution-engine/__tests__/eval-mock-helpers.test.ts" name="eval-mock-helpers &gt; buildEvalMockCredentials &gt; should fall back to placeholder for config properties with no default" time="0.000096083">
        </testcase>
        <testcase classname="src/execution-engine/__tests__/eval-mock-helpers.test.ts" name="eval-mock-helpers &gt; buildEvalMockCredentials &gt; should handle a realistic credential with mixed secret and config properties" time="0.000140833">
        </testcase>
        <testcase classname="src/execution-engine/__tests__/eval-mock-helpers.test.ts" name="eval-mock-helpers &gt; buildEvalMockCredentials &gt; should always include oauthTokenData with access_token, token_type, and refresh_token" time="0.000378833">
        </testcase>
        <testcase classname="src/execution-engine/__tests__/eval-mock-helpers.test.ts" name="eval-mock-helpers &gt; buildEvalMockCredentials &gt; should always include a privateKey containing an RSA key" time="0.000159375">
        </testcase>
        <testcase classname="src/execution-engine/__tests__/eval-mock-helpers.test.ts" name="eval-mock-helpers &gt; buildEvalMockCredentials &gt; should include a privateKey that parses and RS256-signs" time="0.001816708">
        </testcase>
        <testcase classname="src/execution-engine/__tests__/eval-mock-helpers.test.ts" name="eval-mock-helpers &gt; buildEvalMockCredentials &gt; should reuse the same generated privateKey across calls" time="0.000057375">
        </testcase>
        <testcase classname="src/execution-engine/__tests__/eval-mock-helpers.test.ts" name="eval-mock-helpers &gt; buildEvalMockCredentials &gt; should return oauthTokenData and privateKey even with empty properties array" time="0.000134667">
        </testcase>
        <testcase classname="src/execution-engine/__tests__/eval-mock-helpers.test.ts" name="eval-mock-helpers &gt; buildEvalMockCredentials &gt; should produce structurally valid JSON for properties of type &quot;json&quot;" time="0.000397083">
        </testcase>
        <testcase classname="src/execution-engine/__tests__/eval-mock-helpers.test.ts" name="eval-mock-helpers &gt; serializeMockToHttpResponse &gt; should pass through a JSON body as the parsed object" time="0.000112666">
        </testcase>
        <testcase classname="src/execution-engine/__tests__/eval-mock-helpers.test.ts" name="eval-mock-helpers &gt; serializeMockToHttpResponse &gt; should mark JSON responses as __bodyResolved" time="0.000045875">
        </testcase>
        <testcase classname="src/execution-engine/__tests__/eval-mock-helpers.test.ts" name="eval-mock-helpers &gt; serializeMockToHttpResponse &gt; should pass string bodies through as-is with __bodyResolved on the default path" time="0.000058167">
        </testcase>
        <testcase classname="src/execution-engine/__tests__/eval-mock-helpers.test.ts" name="eval-mock-helpers &gt; serializeMockToHttpResponse &gt; should match JSON content types with charset parameters" time="0.000081417">
        </testcase>
        <testcase classname="src/execution-engine/__tests__/eval-mock-helpers.test.ts" name="eval-mock-helpers &gt; serializeMockToHttpResponse &gt; should accept mixed-case Content-Type headers" time="0.000065292">
        </testcase>
        <testcase classname="src/execution-engine/__tests__/eval-mock-helpers.test.ts" name="eval-mock-helpers &gt; serializeMockToHttpResponse &gt; should pass object bodies through regardless of content-type on the default path" time="0.000055167">
        </testcase>
        <testcase classname="src/execution-engine/__tests__/eval-mock-helpers.test.ts" name="eval-mock-helpers &gt; serializeMockToHttpResponse &gt; should pass object bodies through as-is when no content-type is set" time="0.000051666">
        </testcase>
        <testcase classname="src/execution-engine/__tests__/eval-mock-helpers.test.ts" name="eval-mock-helpers &gt; serializeMockToHttpResponse &gt; should preserve headers and statusCode" time="0.000065125">
        </testcase>
        <testcase classname="src/execution-engine/__tests__/eval-mock-helpers.test.ts" name="eval-mock-helpers &gt; serializeMockToHttpResponse &gt; should pass through a Buffer body without double-encoding" time="0.000060584">
        </testcase>
        <testcase classname="src/execution-engine/__tests__/eval-mock-helpers.test.ts" name="eval-mock-helpers &gt; serializeMockToHttpResponse &gt; should pass a Buffer body through even when Content-Type is JSON" time="0.000046708">
        </testcase>
        <testcase classname="src/execution-engine/__tests__/eval-mock-helpers.test.ts" name="eval-mock-helpers &gt; serializeMockToHttpResponse &gt; with request options (axios-parity mode) &gt; should return a Readable stream when requestOptions.encoding is &quot;stream&quot;" time="0.001076959">
        </testcase>
        <testcase classname="src/execution-engine/__tests__/eval-mock-helpers.test.ts" name="eval-mock-helpers &gt; serializeMockToHttpResponse &gt; with request options (axios-parity mode) &gt; should return a Buffer when requestOptions.encoding is &quot;arraybuffer&quot;" time="0.00008475">
        </testcase>
        <testcase classname="src/execution-engine/__tests__/eval-mock-helpers.test.ts" name="eval-mock-helpers &gt; serializeMockToHttpResponse &gt; with request options (axios-parity mode) &gt; should return parsed body + __bodyResolved in the default (JSON) path" time="0.000081875">
        </testcase>
        <testcase classname="src/execution-engine/__tests__/eval-mock-helpers.test.ts" name="eval-mock-helpers &gt; serializeMockToHttpResponse &gt; with request options (axios-parity mode) &gt; should pass text responses through as strings on the default path" time="0.000047292">
        </testcase>
        <testcase classname="src/execution-engine/__tests__/eval-mock-helpers.test.ts" name="eval-mock-helpers &gt; serializeMockToHttpResponse &gt; with request options (axios-parity mode) &gt; should preserve a Buffer body on the stream path (wrap, not copy)" time="0.000137084">
        </testcase>
        <testcase classname="src/execution-engine/__tests__/eval-mock-helpers.test.ts" name="eval-mock-helpers &gt; serializeMockToHttpResponse &gt; with request options (axios-parity mode) &gt; should pass Buffer through unchanged on the arraybuffer path" time="0.00004225">
        </testcase>
        <testcase classname="src/execution-engine/__tests__/eval-mock-helpers.test.ts" name="eval-mock-helpers &gt; serializeMockToHttpResponse &gt; with request options (axios-parity mode) &gt; should return a string body + __bodyResolved when encoding is &quot;text&quot;" time="0.000046042">
        </testcase>
        <testcase classname="src/execution-engine/__tests__/eval-mock-helpers.test.ts" name="eval-mock-helpers &gt; normalizeLegacyRequest &gt; should convert string URI + options object into IHttpRequestOptions" time="0.000126834">
        </testcase>
        <testcase classname="src/execution-engine/__tests__/eval-mock-helpers.test.ts" name="eval-mock-helpers &gt; normalizeLegacyRequest &gt; should use uri field when given an IRequestOptions object with uri" time="0.000045833">
        </testcase>
        <testcase classname="src/execution-engine/__tests__/eval-mock-helpers.test.ts" name="eval-mock-helpers &gt; normalizeLegacyRequest &gt; should use url field when given an IRequestOptions object with url" time="0.000042708">
        </testcase>
        <testcase classname="src/execution-engine/__tests__/eval-mock-helpers.test.ts" name="eval-mock-helpers &gt; normalizeLegacyRequest &gt; should fall back to empty string when neither uri nor url is present" time="0.000038292">
        </testcase>
        <testcase classname="src/execution-engine/__tests__/eval-mock-helpers.test.ts" name="eval-mock-helpers &gt; normalizeLegacyRequest &gt; should preserve method, headers, body, and qs from an IRequestOptions object" time="0.000072792">
        </testcase>
        <testcase classname="src/execution-engine/__tests__/eval-mock-helpers.test.ts" name="eval-mock-helpers &gt; normalizeLegacyRequest &gt; should fold the URL-encoded `form` slot into body (object form)" time="0.000047375">
        </testcase>
        <testcase classname="src/execution-engine/__tests__/eval-mock-helpers.test.ts" name="eval-mock-helpers &gt; normalizeLegacyRequest &gt; should fold the multipart `formData` slot into body (string-uri form)" time="0.000045208">
        </testcase>
        <testcase classname="src/execution-engine/__tests__/eval-mock-helpers.test.ts" name="eval-mock-helpers &gt; normalizeLegacyRequest &gt; should prefer body over formData and form when several slots are set" time="0.000047541">
        </testcase>
        <testcase classname="src/execution-engine/__tests__/eval-mock-helpers.test.ts" name="eval-mock-helpers &gt; callEvalMockHandler &gt; should return body when handler responds and returnFullResponse is false" time="0.000389792">
        </testcase>
        <testcase classname="src/execution-engine/__tests__/eval-mock-helpers.test.ts" name="eval-mock-helpers &gt; callEvalMockHandler &gt; should return serialized response when returnFullResponse is true" time="0.000327583">
        </testcase>
        <testcase classname="src/execution-engine/__tests__/eval-mock-helpers.test.ts" name="eval-mock-helpers &gt; callEvalMockHandler &gt; should return a Buffer body when the mock already handed over one" time="0.000086083">
        </testcase>
        <testcase classname="src/execution-engine/__tests__/eval-mock-helpers.test.ts" name="eval-mock-helpers &gt; callEvalMockHandler &gt; should return undefined when handler returns undefined" time="0.000055167">
        </testcase>
        <testcase classname="src/execution-engine/__tests__/eval-mock-helpers.test.ts" name="eval-mock-helpers &gt; callEvalMockHandler &gt; should throw axios-shaped error for status &gt;= 400 with httpLibrary=axios" time="0.000436125">
        </testcase>
        <testcase classname="src/execution-engine/__tests__/eval-mock-helpers.test.ts" name="eval-mock-helpers &gt; callEvalMockHandler &gt; should throw legacy-shaped error for status &gt;= 400 with httpLibrary=legacy" time="0.000118125">
        </testcase>
        <testcase classname="src/execution-engine/__tests__/eval-mock-helpers.test.ts" name="eval-mock-helpers &gt; callEvalMockHandler &gt; should include isAxiosError=true on axios-shaped errors" time="0.000111583">
        </testcase>
        <testcase classname="src/execution-engine/__tests__/eval-mock-helpers.test.ts" name="eval-mock-helpers &gt; callEvalMockHandler &gt; should include statusCode and response.body on legacy-shaped errors" time="0.000099041">
        </testcase>
        <testcase classname="src/execution-engine/__tests__/eval-mock-helpers.test.ts" name="eval-mock-helpers &gt; callEvalMockHandler &gt; should default to axios httpLibrary when not specified" time="0.000069125">
        </testcase>
    </testsuite>
    <testsuite name="src/execution-engine/__tests__/execution-context-hook-service.test.ts" timestamp="2026-09-05T05:13:12.670Z" hostname="localhost" tests="22" failures="0" errors="0" skipped="0" time="0.00886025">
        <testcase classname="src/execution-engine/__tests__/execution-context-hook-service.test.ts" name="ExecutionContextHookRegistry &gt; init() &gt; should register hooks from metadata" time="0.001053">
        </testcase>
        <testcase classname="src/execution-engine/__tests__/execution-context-hook-service.test.ts" name="ExecutionContextHookRegistry &gt; init() &gt; should register multiple hooks" time="0.000637166">
        </testcase>
        <testcase classname="src/execution-engine/__tests__/execution-context-hook-service.test.ts" name="ExecutionContextHookRegistry &gt; init() &gt; should call optional init() method on hooks" time="0.000221958">
        </testcase>
        <testcase classname="src/execution-engine/__tests__/execution-context-hook-service.test.ts" name="ExecutionContextHookRegistry &gt; init() &gt; should not fail if hook does not have init() method" time="0.000539">
        </testcase>
        <testcase classname="src/execution-engine/__tests__/execution-context-hook-service.test.ts" name="ExecutionContextHookRegistry &gt; init() &gt; should skip hook registration if init() throws an error" time="0.001322667">
        </testcase>
        <testcase classname="src/execution-engine/__tests__/execution-context-hook-service.test.ts" name="ExecutionContextHookRegistry &gt; init() &gt; should clear previous hooks when re-initialized" time="0.000240959">
        </testcase>
        <testcase classname="src/execution-engine/__tests__/execution-context-hook-service.test.ts" name="ExecutionContextHookRegistry &gt; init() &gt; should handle duplicate hook names by keeping first registered and warning" time="0.000283375">
        </testcase>
        <testcase classname="src/execution-engine/__tests__/execution-context-hook-service.test.ts" name="ExecutionContextHookRegistry &gt; getHookByName() &gt; should return hook by name" time="0.000117">
        </testcase>
        <testcase classname="src/execution-engine/__tests__/execution-context-hook-service.test.ts" name="ExecutionContextHookRegistry &gt; getHookByName() &gt; should return undefined for non-existent hook" time="0.000086791">
        </testcase>
        <testcase classname="src/execution-engine/__tests__/execution-context-hook-service.test.ts" name="ExecutionContextHookRegistry &gt; getHookByName() &gt; should return undefined before initialization" time="0.00008825">
        </testcase>
        <testcase classname="src/execution-engine/__tests__/execution-context-hook-service.test.ts" name="ExecutionContextHookRegistry &gt; getAllHooks() &gt; should return empty array when no hooks registered" time="0.000141791">
        </testcase>
        <testcase classname="src/execution-engine/__tests__/execution-context-hook-service.test.ts" name="ExecutionContextHookRegistry &gt; getAllHooks() &gt; should return all registered hooks" time="0.000531125">
        </testcase>
        <testcase classname="src/execution-engine/__tests__/execution-context-hook-service.test.ts" name="ExecutionContextHookRegistry &gt; getHookForTriggerType() &gt; should return hooks applicable to trigger type" time="0.000266458">
        </testcase>
        <testcase classname="src/execution-engine/__tests__/execution-context-hook-service.test.ts" name="ExecutionContextHookRegistry &gt; getHookForTriggerType() &gt; should return different hooks for different trigger types" time="0.000126667">
        </testcase>
        <testcase classname="src/execution-engine/__tests__/execution-context-hook-service.test.ts" name="ExecutionContextHookRegistry &gt; getHookForTriggerType() &gt; should return only universal hooks for unknown trigger type" time="0.000098166">
        </testcase>
        <testcase classname="src/execution-engine/__tests__/execution-context-hook-service.test.ts" name="ExecutionContextHookRegistry &gt; getHookForTriggerType() &gt; should return empty array when no hooks match trigger type" time="0.000111292">
        </testcase>
        <testcase classname="src/execution-engine/__tests__/execution-context-hook-service.test.ts" name="ExecutionContextHookRegistry &gt; global hooks &gt; exposes hooks decorated with alwaysExecute: true via getGlobalHooks()" time="0.000118542">
        </testcase>
        <testcase classname="src/execution-engine/__tests__/execution-context-hook-service.test.ts" name="ExecutionContextHookRegistry &gt; global hooks &gt; does not expose non-global hooks via getGlobalHooks(), but they remain retrievable by name" time="0.000078625">
        </testcase>
        <testcase classname="src/execution-engine/__tests__/execution-context-hook-service.test.ts" name="ExecutionContextHookRegistry &gt; global hooks &gt; returns an empty array when no hooks are registered at all" time="0.000053583">
        </testcase>
        <testcase classname="src/execution-engine/__tests__/execution-context-hook-service.test.ts" name="ExecutionContextHookRegistry &gt; sub-execution hooks &gt; exposes hooks decorated with runForSubExecution: true via getSubExecutionHooks()" time="0.00010675">
        </testcase>
        <testcase classname="src/execution-engine/__tests__/execution-context-hook-service.test.ts" name="ExecutionContextHookRegistry &gt; sub-execution hooks &gt; does not expose a global hook that did not opt into sub-execution" time="0.000181833">
        </testcase>
        <testcase classname="src/execution-engine/__tests__/execution-context-hook-service.test.ts" name="ExecutionContextHookRegistry &gt; sub-execution hooks &gt; returns an empty array when no hooks are registered at all" time="0.000121625">
        </testcase>
    </testsuite>
    <testsuite name="src/execution-engine/__tests__/execution-context.service.test.ts" timestamp="2026-09-05T05:13:12.671Z" hostname="localhost" tests="49" failures="0" errors="0" skipped="0" time="0.024540917">
        <testcase classname="src/execution-engine/__tests__/execution-context.service.test.ts" name="ExecutionContextService &gt; decryptExecutionContext() &gt; should return context as-is when no credentials present" time="0.00160325">
        </testcase>
        <testcase classname="src/execution-engine/__tests__/execution-context.service.test.ts" name="ExecutionContextService &gt; decryptExecutionContext() &gt; should decrypt credentials when present" time="0.000684167">
        </testcase>
        <testcase classname="src/execution-engine/__tests__/execution-context.service.test.ts" name="ExecutionContextService &gt; decryptExecutionContext() &gt; should leave secureArtifacts undefined when not present" time="0.000222125">
        </testcase>
        <testcase classname="src/execution-engine/__tests__/execution-context.service.test.ts" name="ExecutionContextService &gt; decryptExecutionContext() &gt; should decrypt secureArtifacts when present" time="0.000281542">
        </testcase>
        <testcase classname="src/execution-engine/__tests__/execution-context.service.test.ts" name="ExecutionContextService &gt; decryptExecutionContext() &gt; should decrypt both credentials and secureArtifacts when both present" time="0.000299125">
        </testcase>
        <testcase classname="src/execution-engine/__tests__/execution-context.service.test.ts" name="ExecutionContextService &gt; encryptExecutionContext() &gt; should return context as-is when no credentials present" time="0.000190292">
        </testcase>
        <testcase classname="src/execution-engine/__tests__/execution-context.service.test.ts" name="ExecutionContextService &gt; encryptExecutionContext() &gt; should encrypt credentials when present" time="0.000331459">
        </testcase>
        <testcase classname="src/execution-engine/__tests__/execution-context.service.test.ts" name="ExecutionContextService &gt; encryptExecutionContext() &gt; should leave secureArtifacts undefined when not present" time="0.000173959">
        </testcase>
        <testcase classname="src/execution-engine/__tests__/execution-context.service.test.ts" name="ExecutionContextService &gt; encryptExecutionContext() &gt; should encrypt secureArtifacts when present" time="0.000321167">
        </testcase>
        <testcase classname="src/execution-engine/__tests__/execution-context.service.test.ts" name="ExecutionContextService &gt; encryptExecutionContext() &gt; should encrypt both credentials and secureArtifacts when both present" time="0.000211708">
        </testcase>
        <testcase classname="src/execution-engine/__tests__/execution-context.service.test.ts" name="ExecutionContextService &gt; buildManualExecutionCredentials() &gt; should encrypt the credential context with the cookie as identity" time="0.0004905">
        </testcase>
        <testcase classname="src/execution-engine/__tests__/execution-context.service.test.ts" name="ExecutionContextService &gt; buildManualExecutionCredentials() &gt; should propagate errors raised by the cipher" time="0.000936958">
        </testcase>
        <testcase classname="src/execution-engine/__tests__/execution-context.service.test.ts" name="ExecutionContextService &gt; buildRequestBoundCredentials() &gt; should encrypt the credential context with the request context in metadata" time="0.0003045">
        </testcase>
        <testcase classname="src/execution-engine/__tests__/execution-context.service.test.ts" name="ExecutionContextService &gt; buildRequestBoundCredentials() &gt; should omit an absent browser id" time="0.000844834">
        </testcase>
        <testcase classname="src/execution-engine/__tests__/execution-context.service.test.ts" name="ExecutionContextService &gt; buildTriggerIdentityCredentials() &gt; keeps the token as identity and seals the subject + establishedAt in metadata" time="0.000284291">
        </testcase>
        <testcase classname="src/execution-engine/__tests__/execution-context.service.test.ts" name="ExecutionContextService &gt; buildTriggerIdentityCredentials() &gt; should seal the resource grant so the run can verify itself after the trigger is gone" time="0.000173625">
        </testcase>
        <testcase classname="src/execution-engine/__tests__/execution-context.service.test.ts" name="ExecutionContextService &gt; buildTriggerIdentityCredentials() &gt; omits the subject and grant when neither is provided (legacy token-only carrier)" time="0.000160459">
        </testcase>
        <testcase classname="src/execution-engine/__tests__/execution-context.service.test.ts" name="ExecutionContextService &gt; buildTriggerIdentityCredentials() &gt; should propagate errors raised by the cipher" time="0.000201875">
        </testcase>
        <testcase classname="src/execution-engine/__tests__/execution-context.service.test.ts" name="ExecutionContextService &gt; maybeBindExecutionId() &gt; stamps the current execution id onto a freshly sealed carrier" time="0.000795333">
        </testcase>
        <testcase classname="src/execution-engine/__tests__/execution-context.service.test.ts" name="ExecutionContextService &gt; maybeBindExecutionId() &gt; appends a child execution id, preserving the inherited path" time="0.000277417">
        </testcase>
        <testcase classname="src/execution-engine/__tests__/execution-context.service.test.ts" name="ExecutionContextService &gt; maybeBindExecutionId() &gt; leaves a populated path untouched for an unrelated execution" time="0.000215583">
        </testcase>
        <testcase classname="src/execution-engine/__tests__/execution-context.service.test.ts" name="ExecutionContextService &gt; maybeBindExecutionId() &gt; is idempotent when the execution id is already in the path (retry/resume)" time="0.000182">
        </testcase>
        <testcase classname="src/execution-engine/__tests__/execution-context.service.test.ts" name="ExecutionContextService &gt; maybeBindExecutionId() &gt; is a no-op for a non-sealed carrier (no subject)" time="0.000177125">
        </testcase>
        <testcase classname="src/execution-engine/__tests__/execution-context.service.test.ts" name="ExecutionContextService &gt; maybeBindExecutionId() &gt; is a no-op when no execution id is provided" time="0.000160917">
        </testcase>
        <testcase classname="src/execution-engine/__tests__/execution-context.service.test.ts" name="ExecutionContextService &gt; maybeBindExecutionId() &gt; is a no-op for a non-n8n-oauth carrier (schema mismatch)" time="0.000424125">
        </testcase>
        <testcase classname="src/execution-engine/__tests__/execution-context.service.test.ts" name="ExecutionContextService &gt; maybeBindExecutionId() &gt; is a no-op for a carrier without metadata" time="0.00020875">
        </testcase>
        <testcase classname="src/execution-engine/__tests__/execution-context.service.test.ts" name="ExecutionContextService &gt; maybeBindExecutionId() &gt; is a no-op for a context without credentials" time="0.000216625">
        </testcase>
        <testcase classname="src/execution-engine/__tests__/execution-context.service.test.ts" name="ExecutionContextService &gt; encrypt → decrypt round-trip &gt; should preserve secureArtifacts through a full round-trip" time="0.002529625">
        </testcase>
        <testcase classname="src/execution-engine/__tests__/execution-context.service.test.ts" name="ExecutionContextService &gt; mergeExecutionContexts() &gt; should merge simple properties from contextToMerge into baseContext" time="0.000395166">
        </testcase>
        <testcase classname="src/execution-engine/__tests__/execution-context.service.test.ts" name="ExecutionContextService &gt; mergeExecutionContexts() &gt; should merge credentials deeply" time="0.000222">
        </testcase>
        <testcase classname="src/execution-engine/__tests__/execution-context.service.test.ts" name="ExecutionContextService &gt; mergeExecutionContexts() &gt; should preserve baseContext properties not in contextToMerge" time="0.00019">
        </testcase>
        <testcase classname="src/execution-engine/__tests__/execution-context.service.test.ts" name="ExecutionContextService &gt; mergeExecutionContexts() &gt; should handle empty contextToMerge" time="0.000180042">
        </testcase>
        <testcase classname="src/execution-engine/__tests__/execution-context.service.test.ts" name="ExecutionContextService &gt; augmentSubExecutionContext() &gt; returns the inherited context untouched (no round-trip) when no sub-execution hooks exist" time="0.00025125">
        </testcase>
        <testcase classname="src/execution-engine/__tests__/execution-context.service.test.ts" name="ExecutionContextService &gt; augmentSubExecutionContext() &gt; runs sub-execution hooks with no trigger items, merges contextUpdate, and ignores returned items" time="0.0005945">
        </testcase>
        <testcase classname="src/execution-engine/__tests__/execution-context.service.test.ts" name="ExecutionContextService &gt; augmentExecutionContextWithHooks() &gt; should return original context when no hooks configured" time="0.000381542">
        </testcase>
        <testcase classname="src/execution-engine/__tests__/execution-context.service.test.ts" name="ExecutionContextService &gt; augmentExecutionContextWithHooks() &gt; should handle node with contextEstablishmentHooks but undefined hooks array" time="0.001528">
        </testcase>
        <testcase classname="src/execution-engine/__tests__/execution-context.service.test.ts" name="ExecutionContextService &gt; augmentExecutionContextWithHooks() &gt; should execute hooks sequentially and merge context updates" time="0.000965584">
        </testcase>
        <testcase classname="src/execution-engine/__tests__/execution-context.service.test.ts" name="ExecutionContextService &gt; augmentExecutionContextWithHooks() &gt; should update trigger items when hook modifies them" time="0.001083584">
        </testcase>
        <testcase classname="src/execution-engine/__tests__/execution-context.service.test.ts" name="ExecutionContextService &gt; augmentExecutionContextWithHooks() &gt; should pass modified trigger items to subsequent hooks" time="0.000672875">
        </testcase>
        <testcase classname="src/execution-engine/__tests__/execution-context.service.test.ts" name="ExecutionContextService &gt; augmentExecutionContextWithHooks() &gt; should skip hooks not found in registry and log warning" time="0.0003605">
        </testcase>
        <testcase classname="src/execution-engine/__tests__/execution-context.service.test.ts" name="ExecutionContextService &gt; augmentExecutionContextWithHooks() &gt; should handle hook errors when isAllowedToFail is true" time="0.000483125">
        </testcase>
        <testcase classname="src/execution-engine/__tests__/execution-context.service.test.ts" name="ExecutionContextService &gt; augmentExecutionContextWithHooks() &gt; should throw hook errors when isAllowedToFail is false" time="0.000447417">
        </testcase>
        <testcase classname="src/execution-engine/__tests__/execution-context.service.test.ts" name="ExecutionContextService &gt; augmentExecutionContextWithHooks() &gt; should decrypt context before hooks and encrypt after" time="0.000425667">
        </testcase>
        <testcase classname="src/execution-engine/__tests__/execution-context.service.test.ts" name="ExecutionContextService &gt; augmentExecutionContextWithHooks() &gt; global hooks &gt; runs global hooks even when no per-node hook parameters are configured" time="0.00050175">
        </testcase>
        <testcase classname="src/execution-engine/__tests__/execution-context.service.test.ts" name="ExecutionContextService &gt; augmentExecutionContextWithHooks() &gt; global hooks &gt; propagates global hook triggerItems mutation to the returned result" time="0.000353208">
        </testcase>
        <testcase classname="src/execution-engine/__tests__/execution-context.service.test.ts" name="ExecutionContextService &gt; augmentExecutionContextWithHooks() &gt; global hooks &gt; merges global hook contextUpdate into the returned context" time="0.000328292">
        </testcase>
        <testcase classname="src/execution-engine/__tests__/execution-context.service.test.ts" name="ExecutionContextService &gt; augmentExecutionContextWithHooks() &gt; global hooks &gt; chains multiple global hooks: second hook receives first hook output" time="0.000365042">
        </testcase>
        <testcase classname="src/execution-engine/__tests__/execution-context.service.test.ts" name="ExecutionContextService &gt; augmentExecutionContextWithHooks() &gt; global hooks &gt; leaves trigger items unchanged when no globals and no per-node hooks are registered" time="0.000329041">
        </testcase>
        <testcase classname="src/execution-engine/__tests__/execution-context.service.test.ts" name="ExecutionContextService &gt; augmentExecutionContextWithHooks() &gt; global hooks &gt; propagates global hook exceptions without swallowing" time="0.000413667">
        </testcase>
    </testsuite>
    <testsuite name="src/execution-engine/__tests__/execution-context.test.ts" timestamp="2026-09-05T05:13:12.674Z" hostname="localhost" tests="38" failures="0" errors="0" skipped="0" time="0.022685625">
        <testcase classname="src/execution-engine/__tests__/execution-context.test.ts" name="establishExecutionContext &gt; successful context establishment &gt; should establish context with version 1 and timestamp" time="0.006067167">
        </testcase>
        <testcase classname="src/execution-engine/__tests__/execution-context.test.ts" name="establishExecutionContext &gt; successful context establishment &gt; should mutate the provided runExecutionData object" time="0.000254417">
        </testcase>
        <testcase classname="src/execution-engine/__tests__/execution-context.test.ts" name="establishExecutionContext &gt; successful context establishment &gt; should establish context when execution stack has multiple nodes" time="0.000182959">
        </testcase>
        <testcase classname="src/execution-engine/__tests__/execution-context.test.ts" name="establishExecutionContext &gt; Chat Trigger workflow support &gt; should establish basic context for empty execution stack (Chat Trigger)" time="0.000140208">
        </testcase>
        <testcase classname="src/execution-engine/__tests__/execution-context.test.ts" name="establishExecutionContext &gt; Chat Trigger workflow support &gt; should establish basic context without start node extraction for Chat Trigger" time="0.0002765">
        </testcase>
        <testcase classname="src/execution-engine/__tests__/execution-context.test.ts" name="establishExecutionContext &gt; error handling &gt; should throw error when executionData is missing" time="0.00061275">
        </testcase>
        <testcase classname="src/execution-engine/__tests__/execution-context.test.ts" name="establishExecutionContext &gt; error handling &gt; should throw error when executionData is undefined" time="0.000215542">
        </testcase>
        <testcase classname="src/execution-engine/__tests__/execution-context.test.ts" name="establishExecutionContext &gt; context structure validation &gt; should create context with correct structure" time="0.000266083">
        </testcase>
        <testcase classname="src/execution-engine/__tests__/execution-context.test.ts" name="establishExecutionContext &gt; context structure validation &gt; should create unique timestamps for different executions" time="0.00632125">
        </testcase>
        <testcase classname="src/execution-engine/__tests__/execution-context.test.ts" name="establishExecutionContext &gt; context structure validation &gt; should work with different execution modes" time="0.000410875">
        </testcase>
        <testcase classname="src/execution-engine/__tests__/execution-context.test.ts" name="establishExecutionContext &gt; webhook resume context preservation &gt; should preserve existing context when runtimeData already exists" time="0.000188333">
        </testcase>
        <testcase classname="src/execution-engine/__tests__/execution-context.test.ts" name="establishExecutionContext &gt; webhook resume context preservation &gt; should not modify existing context even when mode differs" time="0.000080542">
        </testcase>
        <testcase classname="src/execution-engine/__tests__/execution-context.test.ts" name="establishExecutionContext &gt; webhook resume context preservation &gt; should preserve context with parentExecutionId field" time="0.000084209">
        </testcase>
        <testcase classname="src/execution-engine/__tests__/execution-context.test.ts" name="establishExecutionContext &gt; webhook resume context preservation &gt; should skip hook augmentation when runtimeData is already set (queue-mode worker resume)" time="0.000095166">
        </testcase>
        <testcase classname="src/execution-engine/__tests__/execution-context.test.ts" name="establishExecutionContext &gt; sub-workflow context inheritance &gt; should inherit parent context with fresh establishedAt and source" time="0.000274375">
        </testcase>
        <testcase classname="src/execution-engine/__tests__/execution-context.test.ts" name="establishExecutionContext &gt; sub-workflow context inheritance &gt; should handle missing parent context gracefully" time="0.000094208">
        </testcase>
        <testcase classname="src/execution-engine/__tests__/execution-context.test.ts" name="establishExecutionContext &gt; sub-workflow context inheritance &gt; should inherit custom fields from parent context" time="0.000080667">
        </testcase>
        <testcase classname="src/execution-engine/__tests__/execution-context.test.ts" name="establishExecutionContext &gt; sub-workflow context inheritance &gt; should work with nested sub-workflows (grandchild)" time="0.0001005">
        </testcase>
        <testcase classname="src/execution-engine/__tests__/execution-context.test.ts" name="establishExecutionContext &gt; sub-workflow re-runs global context hooks against the inherited context &gt; passes the inherited context to augmentSubExecutionContext and assigns its result" time="0.000997458">
        </testcase>
        <testcase classname="src/execution-engine/__tests__/execution-context.test.ts" name="establishExecutionContext &gt; sub-workflow re-runs global context hooks against the inherited context &gt; skips augmentation when the child sub-execution has no start item" time="0.00016775">
        </testcase>
        <testcase classname="src/execution-engine/__tests__/execution-context.test.ts" name="establishExecutionContext &gt; error workflow context inheritance &gt; should inherit context from start item metadata" time="0.001276375">
        </testcase>
        <testcase classname="src/execution-engine/__tests__/execution-context.test.ts" name="establishExecutionContext &gt; error workflow context inheritance &gt; should handle error workflow without parent context" time="0.000219542">
        </testcase>
        <testcase classname="src/execution-engine/__tests__/execution-context.test.ts" name="establishExecutionContext &gt; error workflow context inheritance &gt; should inherit context when sub-workflow fails" time="0.000117958">
        </testcase>
        <testcase classname="src/execution-engine/__tests__/execution-context.test.ts" name="establishExecutionContext &gt; context propagation priority and edge cases &gt; should prefer runExecutionData.parentExecution over startItem.metadata" time="0.000099125">
        </testcase>
        <testcase classname="src/execution-engine/__tests__/execution-context.test.ts" name="establishExecutionContext &gt; context propagation priority and edge cases &gt; should handle empty parent execution object" time="0.000073792">
        </testcase>
        <testcase classname="src/execution-engine/__tests__/execution-context.test.ts" name="establishExecutionContext &gt; context propagation priority and edge cases &gt; should not override existing runtimeData even with parent execution" time="0.000079542">
        </testcase>
        <testcase classname="src/execution-engine/__tests__/execution-context.test.ts" name="establishExecutionContext &gt; redaction policy on resume &gt; should preserve an existing V1 redaction setting on webhook resume" time="0.000081916">
        </testcase>
        <testcase classname="src/execution-engine/__tests__/execution-context.test.ts" name="establishExecutionContext &gt; redaction policy on resume &gt; should preserve an existing V2 redaction setting on webhook resume" time="0.000064625">
        </testcase>
        <testcase classname="src/execution-engine/__tests__/execution-context.test.ts" name="establishExecutionContext &gt; manual execution credential context &gt; should assign the pre-built encryptedRunnerIdentity to credentials for manual runs" time="0.000273708">
        </testcase>
        <testcase classname="src/execution-engine/__tests__/execution-context.test.ts" name="establishExecutionContext &gt; manual execution credential context &gt; should NOT inject credentials when encryptedRunnerIdentity is missing" time="0.000117916">
        </testcase>
        <testcase classname="src/execution-engine/__tests__/execution-context.test.ts" name="establishExecutionContext &gt; manual execution credential context &gt; should NOT inject credentials when additionalData is undefined" time="0.000108166">
        </testcase>
        <testcase classname="src/execution-engine/__tests__/execution-context.test.ts" name="establishExecutionContext &gt; manual execution credential context &gt; should inject credentials for webhook mode when ciphertext is present" time="0.000124417">
        </testcase>
        <testcase classname="src/execution-engine/__tests__/execution-context.test.ts" name="establishExecutionContext &gt; manual execution credential context &gt; should inject credentials for trigger mode when ciphertext is present" time="0.000095417">
        </testcase>
        <testcase classname="src/execution-engine/__tests__/execution-context.test.ts" name="establishExecutionContext &gt; manual execution credential context &gt; should not overwrite existing runtimeData when it is already established" time="0.000128584">
        </testcase>
        <testcase classname="src/execution-engine/__tests__/execution-context.test.ts" name="establishExecutionContext &gt; execution id binding (real service) &gt; binds the real execution id onto a seal established before it existed" time="0.0012375">
        </testcase>
        <testcase classname="src/execution-engine/__tests__/execution-context.test.ts" name="establishExecutionContext &gt; execution id binding (real service) &gt; does not extend a populated path when the carrier belongs to another execution" time="0.000247333">
        </testcase>
        <testcase classname="src/execution-engine/__tests__/execution-context.test.ts" name="establishExecutionContext &gt; execution id binding (real service) &gt; appends the retry execution id, keeping the carrier resolvable on retry" time="0.000173083">
        </testcase>
        <testcase classname="src/execution-engine/__tests__/execution-context.test.ts" name="establishExecutionContext &gt; execution id binding (real service) &gt; leaves a legacy (subject-less) carrier untouched" time="0.00013525">
        </testcase>
    </testsuite>
    <testsuite name="src/execution-engine/__tests__/execution-lifecycle-hooks.test.ts" timestamp="2026-09-05T05:13:12.676Z" hostname="localhost" tests="11" failures="0" errors="0" skipped="0" time="0.005499">
        <testcase classname="src/execution-engine/__tests__/execution-lifecycle-hooks.test.ts" name="ExecutionLifecycleHooks &gt; constructor() &gt; should initialize with correct properties" time="0.001437291">
        </testcase>
        <testcase classname="src/execution-engine/__tests__/execution-lifecycle-hooks.test.ts" name="ExecutionLifecycleHooks &gt; addHandler() &gt; should add handlers to &apos;nodeExecuteBefore&apos; hook and call them" time="0.001000083">
        </testcase>
        <testcase classname="src/execution-engine/__tests__/execution-lifecycle-hooks.test.ts" name="ExecutionLifecycleHooks &gt; addHandler() &gt; should add handlers to &apos;nodeExecuteAfter&apos; hook and call them" time="0.000258333">
        </testcase>
        <testcase classname="src/execution-engine/__tests__/execution-lifecycle-hooks.test.ts" name="ExecutionLifecycleHooks &gt; addHandler() &gt; should add handlers to &apos;workflowExecuteBefore&apos; hook and call them" time="0.00017025">
        </testcase>
        <testcase classname="src/execution-engine/__tests__/execution-lifecycle-hooks.test.ts" name="ExecutionLifecycleHooks &gt; addHandler() &gt; should add handlers to &apos;workflowExecuteAfter&apos; hook and call them" time="0.000174458">
        </testcase>
        <testcase classname="src/execution-engine/__tests__/execution-lifecycle-hooks.test.ts" name="ExecutionLifecycleHooks &gt; addHandler() &gt; should add handlers to &apos;workflowExecuteResume&apos; hook and call them" time="0.000175041">
        </testcase>
        <testcase classname="src/execution-engine/__tests__/execution-lifecycle-hooks.test.ts" name="ExecutionLifecycleHooks &gt; addHandler() &gt; should add handlers to &apos;sendResponse&apos; hook and call them" time="0.000128209">
        </testcase>
        <testcase classname="src/execution-engine/__tests__/execution-lifecycle-hooks.test.ts" name="ExecutionLifecycleHooks &gt; addHandler() &gt; should add handlers to &apos;nodeFetchedData&apos; hook and call them" time="0.000109375">
        </testcase>
        <testcase classname="src/execution-engine/__tests__/execution-lifecycle-hooks.test.ts" name="ExecutionLifecycleHooks &gt; runHook() &gt; should execute multiple hooks in order" time="0.000237458">
        </testcase>
        <testcase classname="src/execution-engine/__tests__/execution-lifecycle-hooks.test.ts" name="ExecutionLifecycleHooks &gt; runHook() &gt; should maintain correct &quot;this&quot; context" time="0.000153709">
        </testcase>
        <testcase classname="src/execution-engine/__tests__/execution-lifecycle-hooks.test.ts" name="ExecutionLifecycleHooks &gt; runHook() &gt; should handle errors in hooks" time="0.000764834">
        </testcase>
    </testsuite>
    <testsuite name="src/execution-engine/__tests__/external-secrets-proxy.test.ts" timestamp="2026-09-05T05:13:12.676Z" hostname="localhost" tests="10" failures="0" errors="0" skipped="0" time="0.003825041">
        <testcase classname="src/execution-engine/__tests__/external-secrets-proxy.test.ts" name="ExternalSecretsProxy &gt; getSecret &gt; should get secret from manager" time="0.001867458">
        </testcase>
        <testcase classname="src/execution-engine/__tests__/external-secrets-proxy.test.ts" name="ExternalSecretsProxy &gt; getSecret &gt; should return undefined when getting secret without a manager" time="0.000151583">
        </testcase>
        <testcase classname="src/execution-engine/__tests__/external-secrets-proxy.test.ts" name="ExternalSecretsProxy &gt; hasSecret &gt; should check if secret exists" time="0.000169625">
        </testcase>
        <testcase classname="src/execution-engine/__tests__/external-secrets-proxy.test.ts" name="ExternalSecretsProxy &gt; hasSecret &gt; should return false when checking secret without a manager" time="0.000097292">
        </testcase>
        <testcase classname="src/execution-engine/__tests__/external-secrets-proxy.test.ts" name="ExternalSecretsProxy &gt; hasProvider &gt; should check if provider exists" time="0.000143875">
        </testcase>
        <testcase classname="src/execution-engine/__tests__/external-secrets-proxy.test.ts" name="ExternalSecretsProxy &gt; hasProvider &gt; should return false when checking provider without a manager" time="0.00008925">
        </testcase>
        <testcase classname="src/execution-engine/__tests__/external-secrets-proxy.test.ts" name="ExternalSecretsProxy &gt; listProviders &gt; should list providers" time="0.000147208">
        </testcase>
        <testcase classname="src/execution-engine/__tests__/external-secrets-proxy.test.ts" name="ExternalSecretsProxy &gt; listProviders &gt; should return empty array when listing providers without a manager" time="0.000102917">
        </testcase>
        <testcase classname="src/execution-engine/__tests__/external-secrets-proxy.test.ts" name="ExternalSecretsProxy &gt; listSecrets &gt; should list secrets for a provider" time="0.000143041">
        </testcase>
        <testcase classname="src/execution-engine/__tests__/external-secrets-proxy.test.ts" name="ExternalSecretsProxy &gt; listSecrets &gt; should return empty array when listing secrets without a manager" time="0.000095">
        </testcase>
    </testsuite>
    <testsuite name="src/execution-engine/__tests__/poll-trigger-executor.test.ts" timestamp="2026-09-05T05:13:12.677Z" hostname="localhost" tests="22" failures="0" errors="0" skipped="0" time="0.008434084">
        <testcase classname="src/execution-engine/__tests__/poll-trigger-executor.test.ts" name="PollTriggerExecutor &gt; uses a logger scoped to &quot;poll-trigger&quot;" time="0.001548292">
        </testcase>
        <testcase classname="src/execution-engine/__tests__/poll-trigger-executor.test.ts" name="PollTriggerExecutor &gt; tracing &gt; starts its own root trace for a scheduled poll" time="0.00091975">
        </testcase>
        <testcase classname="src/execution-engine/__tests__/poll-trigger-executor.test.ts" name="PollTriggerExecutor &gt; tracing &gt; nests the activation poll in the current trace" time="0.0003">
        </testcase>
        <testcase classname="src/execution-engine/__tests__/poll-trigger-executor.test.ts" name="PollTriggerExecutor &gt; initial activation poll (testingTrigger=true) &gt; emits the poll result without acquiring the isolate" time="0.000555667">
        </testcase>
        <testcase classname="src/execution-engine/__tests__/poll-trigger-executor.test.ts" name="PollTriggerExecutor &gt; initial activation poll (testingTrigger=true) &gt; does not emit when the poll returns null" time="0.000155458">
        </testcase>
        <testcase classname="src/execution-engine/__tests__/poll-trigger-executor.test.ts" name="PollTriggerExecutor &gt; initial activation poll (testingTrigger=true) &gt; rethrows the poll error so activation fails" time="0.000545417">
        </testcase>
        <testcase classname="src/execution-engine/__tests__/poll-trigger-executor.test.ts" name="PollTriggerExecutor &gt; scheduled poll (testingTrigger=false) &gt; acquires and releases the isolate and emits the result" time="0.000187833">
        </testcase>
        <testcase classname="src/execution-engine/__tests__/poll-trigger-executor.test.ts" name="PollTriggerExecutor &gt; scheduled poll (testingTrigger=false) &gt; does not emit and still releases the isolate when the poll returns nothing" time="0.00013125">
        </testcase>
[...]
        </testcase>
        <testcase classname="src/execution-engine/node-execution-context/utils/request-helpers/__tests__/authentication.test.ts" name="requestWithAuthentication (legacy) — preAuthentication retry &gt; still retries a stream body when the failure happened before any send" time="0.00015625">
        </testcase>
    </testsuite>
    <testsuite name="src/execution-engine/node-execution-context/utils/request-helpers/__tests__/axios-error-stack.test.ts" timestamp="2026-09-05T05:13:12.748Z" hostname="localhost" tests="2" failures="0" errors="0" skipped="0" time="0.005714333">
        <testcase classname="src/execution-engine/node-execution-context/utils/request-helpers/__tests__/axios-error-stack.test.ts" name="axios error handling with overridden Error.prepareStackTrace &gt; should surface the original request error via import (lib build)" time="0.002324458">
        </testcase>
        <testcase classname="src/execution-engine/node-execution-context/utils/request-helpers/__tests__/axios-error-stack.test.ts" name="axios error handling with overridden Error.prepareStackTrace &gt; should surface the original request error via require (dist/node build)" time="0.002573333">
        </testcase>
    </testsuite>
    <testsuite name="src/execution-engine/node-execution-context/utils/request-helpers/__tests__/legacy-request-adapter.test.ts" timestamp="2026-09-05T05:13:12.748Z" hostname="localhost" tests="8" failures="0" errors="0" skipped="0" time="0.004586708">
        <testcase classname="src/execution-engine/node-execution-context/utils/request-helpers/__tests__/legacy-request-adapter.test.ts" name="proxyRequestToAxios &gt; SSRF policy mapping &gt; always requests the default safe client" time="0.001371708">
        </testcase>
        <testcase classname="src/execution-engine/node-execution-context/utils/request-helpers/__tests__/legacy-request-adapter.test.ts" name="proxyRequestToAxios &gt; SSRF policy mapping &gt; requests the default safe client when there is no additionalData at all" time="0.000165292">
        </testcase>
        <testcase classname="src/execution-engine/node-execution-context/utils/request-helpers/__tests__/legacy-request-adapter.test.ts" name="proxyRequestToAxios &gt; request config normalisation &gt; wraps a string uri into a config object" time="0.000944959">
        </testcase>
        <testcase classname="src/execution-engine/node-execution-context/utils/request-helpers/__tests__/legacy-request-adapter.test.ts" name="proxyRequestToAxios &gt; request config normalisation &gt; merges options into the config when a string uri is given" time="0.000280542">
        </testcase>
        <testcase classname="src/execution-engine/node-execution-context/utils/request-helpers/__tests__/legacy-request-adapter.test.ts" name="proxyRequestToAxios &gt; request config normalisation &gt; passes an options object straight through" time="0.000186584">
        </testcase>
        <testcase classname="src/execution-engine/node-execution-context/utils/request-helpers/__tests__/legacy-request-adapter.test.ts" name="proxyRequestToAxios &gt; request config normalisation &gt; returns the client response" time="0.000167916">
        </testcase>
        <testcase classname="src/execution-engine/node-execution-context/utils/request-helpers/__tests__/legacy-request-adapter.test.ts" name="proxyRequestToAxios &gt; nodeFetchedData hook &gt; fires the hook through the onFetched callback" time="0.000300708">
        </testcase>
        <testcase classname="src/execution-engine/node-execution-context/utils/request-helpers/__tests__/legacy-request-adapter.test.ts" name="proxyRequestToAxios &gt; nodeFetchedData hook &gt; does not throw when no hooks are configured" time="0.000373583">
        </testcase>
    </testsuite>
    <testsuite name="src/execution-engine/node-execution-context/utils/request-helpers/__tests__/oauth.test.ts" timestamp="2026-09-05T05:13:12.748Z" hostname="localhost" tests="44" failures="0" errors="0" skipped="0" time="0.172723667">
        <testcase classname="src/execution-engine/node-execution-context/utils/request-helpers/__tests__/oauth.test.ts" name="refreshOAuth2Token &gt; should refresh the OAuth2 token with pkce grant type" time="0.02327375">
        </testcase>
        <testcase classname="src/execution-engine/node-execution-context/utils/request-helpers/__tests__/oauth.test.ts" name="refreshOAuth2Token &gt; should store an absolute expiry when refreshed token has expires_in" time="0.006068375">
        </testcase>
        <testcase classname="src/execution-engine/node-execution-context/utils/request-helpers/__tests__/oauth.test.ts" name="refreshOAuth2Token &gt; outbound network policy &gt; should apply the bridge from additionalData to the token request" time="0.001183917">
        </testcase>
        <testcase classname="src/execution-engine/node-execution-context/utils/request-helpers/__tests__/oauth.test.ts" name="refreshOAuth2Token &gt; outbound network policy &gt; should refresh normally when additionalData carries no bridge" time="0.004947833">
        </testcase>
        <testcase classname="src/execution-engine/node-execution-context/utils/request-helpers/__tests__/oauth.test.ts" name="refreshOAuth2Token &gt; should refresh the OAuth2 token with client credentials grant type" time="0.004743875">
        </testcase>
        <testcase classname="src/execution-engine/node-execution-context/utils/request-helpers/__tests__/oauth.test.ts" name="refreshOAuth2Token &gt; should include resource when fetching a client credentials token" time="0.004911625">
        </testcase>
        <testcase classname="src/execution-engine/node-execution-context/utils/request-helpers/__tests__/oauth.test.ts" name="refreshOAuth2Token &gt; should refresh the OAuth2 token with authorization code grant type" time="0.003193292">
        </testcase>
        <testcase classname="src/execution-engine/node-execution-context/utils/request-helpers/__tests__/oauth.test.ts" name="refreshOAuth2Token &gt; should throw an error if the OAuth2 token is not connected" time="0.000783542">
        </testcase>
        <testcase classname="src/execution-engine/node-execution-context/utils/request-helpers/__tests__/oauth.test.ts" name="refreshOAuth2Token &gt; should throw an error if node does not have credentials" time="0.000450792">
        </testcase>
        <testcase classname="src/execution-engine/node-execution-context/utils/request-helpers/__tests__/oauth.test.ts" name="refreshOAuth2Token &gt; should surface an actionable reconnect message when refresh returns invalid_grant" time="0.005099209">
        </testcase>
        <testcase classname="src/execution-engine/node-execution-context/utils/request-helpers/__tests__/oauth.test.ts" name="refreshOAuth2Token &gt; should surface an actionable reconnect message when client credentials token fetch returns invalid_grant" time="0.004333958">
        </testcase>
        <testcase classname="src/execution-engine/node-execution-context/utils/request-helpers/__tests__/oauth.test.ts" name="refreshOAuth2Token &gt; should rethrow non-invalid_grant token errors unchanged" time="0.003364625">
        </testcase>
        <testcase classname="src/execution-engine/node-execution-context/utils/request-helpers/__tests__/oauth.test.ts" name="refreshOAuth2Token &gt; should rethrow non-AuthError refresh failures unchanged" time="0.006790958">
        </testcase>
        <testcase classname="src/execution-engine/node-execution-context/utils/request-helpers/__tests__/oauth.test.ts" name="refreshOAuth2Token &gt; should fall back to credential type when no credential name is set" time="0.004556">
        </testcase>
        <testcase classname="src/execution-engine/node-execution-context/utils/request-helpers/__tests__/oauth.test.ts" name="refreshOAuth2Token &gt; JWE decryption via oauth-jwe proxy &gt; decrypts the refreshed token via the proxy when present" time="0.005255917">
        </testcase>
        <testcase classname="src/execution-engine/node-execution-context/utils/request-helpers/__tests__/oauth.test.ts" name="refreshOAuth2Token &gt; JWE decryption via oauth-jwe proxy &gt; passes refreshed token through unchanged when proxy is absent" time="0.003991333">
        </testcase>
        <testcase classname="src/execution-engine/node-execution-context/utils/request-helpers/__tests__/oauth.test.ts" name="refreshOAuth2Token &gt; JWE decryption via oauth-jwe proxy &gt; propagates plaintext rejection thrown by the proxy" time="0.004552583">
        </testcase>
        <testcase classname="src/execution-engine/node-execution-context/utils/request-helpers/__tests__/oauth.test.ts" name="requestOAuth2 - tokenExpiredStatusCode &gt; should retry on 401 by default (isN8nRequest path)" time="0.004592167">
        </testcase>
        <testcase classname="src/execution-engine/node-execution-context/utils/request-helpers/__tests__/oauth.test.ts" name="requestOAuth2 - tokenExpiredStatusCode &gt; should retry on custom tokenExpiredStatusCode from credentials (isN8nRequest path)" time="0.002958292">
        </testcase>
        <testcase classname="src/execution-engine/node-execution-context/utils/request-helpers/__tests__/oauth.test.ts" name="requestOAuth2 - tokenExpiredStatusCode &gt; should NOT retry on 401 when credential sets tokenExpiredStatusCode to 403 (isN8nRequest path)" time="0.000287375">
        </testcase>
        <testcase classname="src/execution-engine/node-execution-context/utils/request-helpers/__tests__/oauth.test.ts" name="requestOAuth2 - tokenExpiredStatusCode &gt; credential-level tokenExpiredStatusCode should take priority over oAuth2Options" time="0.002591875">
        </testcase>
        <testcase classname="src/execution-engine/node-execution-context/utils/request-helpers/__tests__/oauth.test.ts" name="requestOAuth2 - tokenExpiredStatusCode &gt; should NOT retry on token-expired status when oAuth2Options.skipTokenRefresh is true (isN8nRequest path)" time="0.000269833">
        </testcase>
        <testcase classname="src/execution-engine/node-execution-context/utils/request-helpers/__tests__/oauth.test.ts" name="requestOAuth2 - tokenExpiredStatusCode &gt; should NOT retry on token-expired status when oAuth2Options.skipTokenRefresh is true (legacy request path)" time="0.000485209">
        </testcase>
        <testcase classname="src/execution-engine/node-execution-context/utils/request-helpers/__tests__/oauth.test.ts" name="requestOAuth2 - client credentials initial token fetch &gt; should not send scope parameter when scope is empty" time="0.004742334">
        </testcase>
        <testcase classname="src/execution-engine/node-execution-context/utils/request-helpers/__tests__/oauth.test.ts" name="requestOAuth2 - client credentials initial token fetch &gt; should send scope parameter when scope is set" time="0.004050375">
        </testcase>
        <testcase classname="src/execution-engine/node-execution-context/utils/request-helpers/__tests__/oauth.test.ts" name="requestOAuth2 - client credentials initial token fetch &gt; should throw OperationalError with clear message when token acquisition fails" time="0.0041735">
        </testcase>
        <testcase classname="src/execution-engine/node-execution-context/utils/request-helpers/__tests__/oauth.test.ts" name="requestOAuth2 - preAuthentication &gt; initial path: signs request with token transformed by preAuthentication" time="0.00049675">
        </testcase>
        <testcase classname="src/execution-engine/node-execution-context/utils/request-helpers/__tests__/oauth.test.ts" name="requestOAuth2 - preAuthentication &gt; initial path: undefined preAuthentication leaves request untouched" time="0.00016975">
        </testcase>
        <testcase classname="src/execution-engine/node-execution-context/utils/request-helpers/__tests__/oauth.test.ts" name="requestOAuth2 - preAuthentication &gt; refresh path: retry signs with preAuthentication-transformed refreshed token and persists it" time="0.004036625">
        </testcase>
        <testcase classname="src/execution-engine/node-execution-context/utils/request-helpers/__tests__/oauth.test.ts" name="requestOAuth2 - preAuthentication &gt; refresh path: undefined preAuthentication signs retry with raw refreshed token" time="0.003705333">
        </testcase>
        <testcase classname="src/execution-engine/node-execution-context/utils/request-helpers/__tests__/oauth.test.ts" name="requestOAuth2 - preAuthentication &gt; refreshOAuth2Token: returns transformed data after preAuthentication" time="0.002731792">
        </testcase>
        <testcase classname="src/execution-engine/node-execution-context/utils/request-helpers/__tests__/oauth.test.ts" name="requestOAuth2 - concurrent refresh serialization &gt; coalesces concurrent refreshes of the same credential into one network call" time="0.00454925">
        </testcase>
        <testcase classname="src/execution-engine/node-execution-context/utils/request-helpers/__tests__/oauth.test.ts" name="requestOAuth2 - concurrent refresh serialization &gt; adopts the stored token without a network refresh when it already rotated" time="0.000390458">
        </testcase>
        <testcase classname="src/execution-engine/node-execution-context/utils/request-helpers/__tests__/oauth.test.ts" name="requestOAuth2 - concurrent refresh serialization &gt; refreshes when oAuth2Options.property resolves to an unchanged nested token" time="0.004263125">
        </testcase>
        <testcase classname="src/execution-engine/node-execution-context/utils/request-helpers/__tests__/oauth.test.ts" name="requestOAuth2 - concurrent refresh serialization &gt; adopts the stored token when oAuth2Options.property nested token already rotated" time="0.000275292">
        </testcase>
        <testcase classname="src/execution-engine/node-execution-context/utils/request-helpers/__tests__/oauth.test.ts" name="requestOAuth2 - concurrent refresh serialization &gt; rejects all waiters on a failed refresh and clears the map for a later retry" time="0.008405166">
        </testcase>
        <testcase classname="src/execution-engine/node-execution-context/utils/request-helpers/__tests__/oauth.test.ts" name="requestOAuth2 - concurrent refresh serialization &gt; wraps the refresh in LockService.withLease keyed by the credential id" time="0.00329425">
        </testcase>
        <testcase classname="src/execution-engine/node-execution-context/utils/request-helpers/__tests__/oauth.test.ts" name="requestOAuth2 - single-use request bodies &gt; surfaces the original 401 instead of replaying a FormData body (httpRequest path)" time="0.004635709">
        </testcase>
        <testcase classname="src/execution-engine/node-execution-context/utils/request-helpers/__tests__/oauth.test.ts" name="requestOAuth2 - single-use request bodies &gt; surfaces the original 401 instead of replaying a stream body (httpRequest path)" time="0.004165958">
        </testcase>
        <testcase classname="src/execution-engine/node-execution-context/utils/request-helpers/__tests__/oauth.test.ts" name="requestOAuth2 - single-use request bodies &gt; surfaces the original 401 when a formData descriptor field is a stream (legacy path)" time="0.002928708">
        </testcase>
        <testcase classname="src/execution-engine/node-execution-context/utils/request-helpers/__tests__/oauth.test.ts" name="requestOAuth2 - single-use request bodies &gt; surfaces the original 401 when a multipart body field is a stream (legacy path)" time="0.003883125">
        </testcase>
        <testcase classname="src/execution-engine/node-execution-context/utils/request-helpers/__tests__/oauth.test.ts" name="requestOAuth2 - single-use request bodies &gt; surfaces the original 401 when formData is a FormData instance (legacy path)" time="0.003972875">
        </testcase>
        <testcase classname="src/execution-engine/node-execution-context/utils/request-helpers/__tests__/oauth.test.ts" name="requestOAuth2 - single-use request bodies &gt; still retries when the formData descriptor holds only replayable values (legacy path)" time="0.003831375">
        </testcase>
        <testcase classname="src/execution-engine/node-execution-context/utils/request-helpers/__tests__/oauth.test.ts" name="requestOAuth2 - single-use request bodies &gt; resolves with the original 401 response for a single-use body under simple:false + resolveWithFullResponse (legacy path)" time="0.003776334">
        </testcase>
    </testsuite>
    <testsuite name="src/execution-engine/node-execution-context/utils/request-helpers/__tests__/pagination.test.ts" timestamp="2026-09-05T05:13:12.750Z" hostname="localhost" tests="12" failures="0" errors="0" skipped="0" time="0.005393583">
        <testcase classname="src/execution-engine/node-execution-context/utils/request-helpers/__tests__/pagination.test.ts" name="applyPaginationRequestData &gt; should merge pagination request data with original request options" time="0.001612334">
        </testcase>
        <testcase classname="src/execution-engine/node-execution-context/utils/request-helpers/__tests__/pagination.test.ts" name="applyPaginationRequestData &gt; should handle formData correctly" time="0.000184541">
        </testcase>
        <testcase classname="src/execution-engine/node-execution-context/utils/request-helpers/__tests__/pagination.test.ts" name="applyPaginationRequestData &gt; should handle form data correctly" time="0.000152416">
        </testcase>
        <testcase classname="src/execution-engine/node-execution-context/utils/request-helpers/__tests__/pagination.test.ts" name="applyPaginationRequestData &gt; should prefer pagination body over original body" time="0.000126542">
        </testcase>
        <testcase classname="src/execution-engine/node-execution-context/utils/request-helpers/__tests__/pagination.test.ts" name="applyPaginationRequestData &gt; should merge complex request options" time="0.000195416">
        </testcase>
        <testcase classname="src/execution-engine/node-execution-context/utils/request-helpers/__tests__/pagination.test.ts" name="applyPaginationRequestData &gt; should not re-apply qs keys already embedded in the next-page URL" time="0.000126459">
        </testcase>
        <testcase classname="src/execution-engine/node-execution-context/utils/request-helpers/__tests__/pagination.test.ts" name="applyPaginationRequestData &gt; should keep the original qs when the next-page URL is relative/unparseable" time="0.000107041">
        </testcase>
        <testcase classname="src/execution-engine/node-execution-context/utils/request-helpers/__tests__/pagination.test.ts" name="applyPaginationRequestData &gt; should not throw when there is no qs and the next-page URL carries params" time="0.000096">
        </testcase>
        <testcase classname="src/execution-engine/node-execution-context/utils/request-helpers/__tests__/pagination.test.ts" name="applyPaginationRequestData &gt; should handle edge cases with empty pagination data" time="0.000092333">
        </testcase>
        <testcase classname="src/execution-engine/node-execution-context/utils/request-helpers/__tests__/pagination.test.ts" name="requestWithAuthenticationPaginated &gt; exposes the provided sanitized request to pagination expressions" time="0.001330542">
        </testcase>
        <testcase classname="src/execution-engine/node-execution-context/utils/request-helpers/__tests__/pagination.test.ts" name="requestWithAuthenticationPaginated &gt; uses the unmodified request options for the actual outgoing request" time="0.000268625">
        </testcase>
        <testcase classname="src/execution-engine/node-execution-context/utils/request-helpers/__tests__/pagination.test.ts" name="requestWithAuthenticationPaginated &gt; falls back to the request options when no sanitized request is provided" time="0.000162958">
        </testcase>
    </testsuite>
</testsuites>
